16-08-2023 09:31:08 | INFO  
--------------------------------- Message: ---------------------------------  
user upload file

16-08-2023 09:32:24 | INFO  
--------------------------------- Message: ---------------------------------  
-------------Search Parameter ---------------

16-08-2023 09:32:24 | INFO  
--------------------------------- Message: ---------------------------------  
From Date : System.Windows.Forms.DateTimePicker, Value: 07/07/2023 9:30:51 am 

16-08-2023 09:32:24 | INFO  
--------------------------------- Message: ---------------------------------  
To Date : System.Windows.Forms.DateTimePicker, Value: 27/07/2023 12:00:00 am 

16-08-2023 09:32:24 | INFO  
--------------------------------- Message: ---------------------------------  
 

16-08-2023 09:32:24 | INFO  
--------------------------------- Message: ---------------------------------  
-------------Search Parameter ---------------

16-08-2023 09:32:24 | INFO  
--------------------------------- Message: ---------------------------------  
files count in search directory : 15

16-08-2023 09:32:24 | INFO  
--------------------------------- Message: ---------------------------------  
File Matched : hC24522144 

16-08-2023 09:32:24 | INFO  
--------------------------------- Message: ---------------------------------  
File Matched : D:\F3_Technology\TESTAPP\Directory\abc.txt 

16-08-2023 09:32:24 | INFO  
--------------------------------- Message: ---------------------------------  
File Matched : hC24522144 

16-08-2023 09:32:24 | INFO  
--------------------------------- Message: ---------------------------------  
File Matched : D:\F3_Technology\TESTAPP\Directory\abc1.txt 

16-08-2023 09:32:24 | INFO  
--------------------------------- Message: ---------------------------------  
File Matched : hC24522144 

16-08-2023 09:32:24 | INFO  
--------------------------------- Message: ---------------------------------  
File Matched : D:\F3_Technology\TESTAPP\Directory\abc8.txt 

16-08-2023 09:32:24 | INFO  
--------------------------------- Message: ---------------------------------  
files count in search directory : 15

16-08-2023 09:32:24 | INFO  
--------------------------------- Message: ---------------------------------  
files count in search directory : 15

16-08-2023 09:32:24 | INFO  
--------------------------------- Message: ---------------------------------  
files count in search directory : 15

16-08-2023 09:32:24 | INFO  
--------------------------------- Message: ---------------------------------  
files count in search directory : 15

16-08-2023 09:32:24 | INFO  
--------------------------------- Message: ---------------------------------  
files count in search directory : 15

16-08-2023 09:32:25 | INFO  
--------------------------------- Message: ---------------------------------  
files count in search directory : 15

16-08-2023 09:32:25 | INFO  
--------------------------------- Message: ---------------------------------  
files count in search directory : 15

16-08-2023 09:32:25 | INFO  
--------------------------------- Message: ---------------------------------  
files count in search directory : 15

16-08-2023 09:32:25 | INFO  
--------------------------------- Message: ---------------------------------  
files count in search directory : 15

16-08-2023 09:32:25 | INFO  
--------------------------------- Message: ---------------------------------  
File Matched : hC24522785 

16-08-2023 09:32:25 | INFO  
--------------------------------- Message: ---------------------------------  
File Matched : D:\F3_Technology\TESTAPP\Directory\abc3.txt 

16-08-2023 09:32:25 | INFO  
--------------------------------- Message: ---------------------------------  
files count in search directory : 15

16-08-2023 09:32:25 | INFO  
--------------------------------- Message: ---------------------------------  
files count in search directory : 15

16-08-2023 09:32:25 | INFO  
--------------------------------- Message: ---------------------------------  
files count in search directory : 15

16-08-2023 09:32:25 | INFO  
--------------------------------- Message: ---------------------------------  
files count in search directory : 15

16-08-2023 09:32:25 | INFO  
--------------------------------- Message: ---------------------------------  
files count in search directory : 15

16-08-2023 09:32:26 | INFO  
--------------------------------- Message: ---------------------------------  
files count in search directory : 15

16-08-2023 09:32:26 | INFO  
--------------------------------- Message: ---------------------------------  
files count in search directory : 15

16-08-2023 09:32:26 | INFO  
--------------------------------- Message: ---------------------------------  
files count in search directory : 15

16-08-2023 09:32:26 | INFO  
--------------------------------- Message: ---------------------------------  
files count in search directory : 15

16-08-2023 09:32:26 | INFO  
--------------------------------- Message: ---------------------------------  
files count in search directory : 15

16-08-2023 09:32:26 | INFO  
--------------------------------- Message: ---------------------------------  
files count in search directory : 15

16-08-2023 09:32:26 | INFO  
--------------------------------- Message: ---------------------------------  
files count in search directory : 15

16-08-2023 09:32:26 | INFO  
--------------------------------- Message: ---------------------------------  
files count in search directory : 15

16-08-2023 09:32:26 | INFO  
--------------------------------- Message: ---------------------------------  
files count in search directory : 15

16-08-2023 09:32:27 | INFO  
--------------------------------- Message: ---------------------------------  
files count in search directory : 15

16-08-2023 09:32:27 | INFO  
--------------------------------- Message: ---------------------------------  
files count in search directory : 15

16-08-2023 09:32:27 | INFO  
--------------------------------- Message: ---------------------------------  
files count in search directory : 15

16-08-2023 09:32:27 | INFO  
--------------------------------- Message: ---------------------------------  
files count in search directory : 15

16-08-2023 09:32:27 | INFO  
--------------------------------- Message: ---------------------------------  
files count in search directory : 15

16-08-2023 09:32:27 | INFO  
--------------------------------- Message: ---------------------------------  
files count in search directory : 15

16-08-2023 09:32:27 | INFO  
--------------------------------- Message: ---------------------------------  
files count in search directory : 15

16-08-2023 09:32:27 | INFO  
--------------------------------- Message: ---------------------------------  
files count in search directory : 15

16-08-2023 09:32:27 | INFO  
--------------------------------- Message: ---------------------------------  
files count in search directory : 15

16-08-2023 09:32:28 | INFO  
--------------------------------- Message: ---------------------------------  
files count in search directory : 15

16-08-2023 09:32:28 | INFO  
--------------------------------- Message: ---------------------------------  
files count in search directory : 15

16-08-2023 09:32:28 | INFO  
--------------------------------- Message: ---------------------------------  
files count in search directory : 15

16-08-2023 09:32:28 | INFO  
--------------------------------- Message: ---------------------------------  
files count in search directory : 15

16-08-2023 09:32:28 | INFO  
--------------------------------- Message: ---------------------------------  
files count in search directory : 15

16-08-2023 09:32:28 | INFO  
--------------------------------- Message: ---------------------------------  
files count in search directory : 15

16-08-2023 09:32:28 | INFO  
--------------------------------- Message: ---------------------------------  
files count in search directory : 15

16-08-2023 09:32:28 | INFO  
--------------------------------- Message: ---------------------------------  
files count in search directory : 15

16-08-2023 09:32:28 | INFO  
--------------------------------- Message: ---------------------------------  
files count in search directory : 15

16-08-2023 09:32:29 | INFO  
--------------------------------- Message: ---------------------------------  
files count in search directory : 15

16-08-2023 09:32:29 | INFO  
--------------------------------- Message: ---------------------------------  
files count in search directory : 15

16-08-2023 09:32:29 | INFO  
--------------------------------- Message: ---------------------------------  
files count in search directory : 15

16-08-2023 09:32:29 | INFO  
--------------------------------- Message: ---------------------------------  
files count in search directory : 15

16-08-2023 09:32:29 | INFO  
--------------------------------- Message: ---------------------------------  
files count in search directory : 15

16-08-2023 09:32:29 | INFO  
--------------------------------- Message: ---------------------------------  
files count in search directory : 15

16-08-2023 09:32:29 | INFO  
--------------------------------- Message: ---------------------------------  
files count in search directory : 15

16-08-2023 09:32:29 | INFO  
--------------------------------- Message: ---------------------------------  
files count in search directory : 15

16-08-2023 09:32:29 | INFO  
--------------------------------- Message: ---------------------------------  
files count in search directory : 15

16-08-2023 09:32:30 | INFO  
--------------------------------- Message: ---------------------------------  
files count in search directory : 15

16-08-2023 09:32:30 | INFO  
--------------------------------- Message: ---------------------------------  
files count in search directory : 15

16-08-2023 09:32:30 | INFO  
--------------------------------- Message: ---------------------------------  
files count in search directory : 15

16-08-2023 09:32:30 | INFO  
--------------------------------- Message: ---------------------------------  
files count in search directory : 15

16-08-2023 09:32:30 | INFO  
--------------------------------- Message: ---------------------------------  
files count in search directory : 15

16-08-2023 09:32:30 | INFO  
--------------------------------- Message: ---------------------------------  
files count in search directory : 15

16-08-2023 09:32:30 | INFO  
--------------------------------- Message: ---------------------------------  
files count in search directory : 15

16-08-2023 09:32:30 | INFO  
--------------------------------- Message: ---------------------------------  
files count in search directory : 15

16-08-2023 09:32:30 | INFO  
--------------------------------- Message: ---------------------------------  
files count in search directory : 15

16-08-2023 09:32:30 | INFO  
--------------------------------- Message: ---------------------------------  
files count in search directory : 15

16-08-2023 09:32:31 | INFO  
--------------------------------- Message: ---------------------------------  
files count in search directory : 15

16-08-2023 09:32:31 | INFO  
--------------------------------- Message: ---------------------------------  
files count in search directory : 15

16-08-2023 09:32:31 | INFO  
--------------------------------- Message: ---------------------------------  
files count in search directory : 15

16-08-2023 09:32:31 | INFO  
--------------------------------- Message: ---------------------------------  
files count in search directory : 15

16-08-2023 09:32:31 | INFO  
--------------------------------- Message: ---------------------------------  
files count in search directory : 15

16-08-2023 09:32:31 | INFO  
--------------------------------- Message: ---------------------------------  
files count in search directory : 15

16-08-2023 09:32:31 | INFO  
--------------------------------- Message: ---------------------------------  
files count in search directory : 15

16-08-2023 09:32:31 | INFO  
--------------------------------- Message: ---------------------------------  
files count in search directory : 15

16-08-2023 09:32:31 | INFO  
--------------------------------- Message: ---------------------------------  
files count in search directory : 15

16-08-2023 09:32:32 | INFO  
--------------------------------- Message: ---------------------------------  
files count in search directory : 15

16-08-2023 09:32:32 | INFO  
--------------------------------- Message: ---------------------------------  
files count in search directory : 15

16-08-2023 09:32:32 | INFO  
--------------------------------- Message: ---------------------------------  
files count in search directory : 15

16-08-2023 09:32:32 | INFO  
--------------------------------- Message: ---------------------------------  
files count in search directory : 15

16-08-2023 09:32:32 | INFO  
--------------------------------- Message: ---------------------------------  
files count in search directory : 15

16-08-2023 09:32:32 | INFO  
--------------------------------- Message: ---------------------------------  
files count in search directory : 15

16-08-2023 09:32:32 | INFO  
--------------------------------- Message: ---------------------------------  
files count in search directory : 15

16-08-2023 09:32:32 | INFO  
--------------------------------- Message: ---------------------------------  
files count in search directory : 15

16-08-2023 09:32:32 | INFO  
--------------------------------- Message: ---------------------------------  
files count in search directory : 15

16-08-2023 09:32:33 | INFO  
--------------------------------- Message: ---------------------------------  
files count in search directory : 15

16-08-2023 09:32:33 | INFO  
--------------------------------- Message: ---------------------------------  
files count in search directory : 15

16-08-2023 09:32:33 | INFO  
--------------------------------- Message: ---------------------------------  
files count in search directory : 15

16-08-2023 09:32:33 | INFO  
--------------------------------- Message: ---------------------------------  
files count in search directory : 15

16-08-2023 09:32:33 | INFO  
--------------------------------- Message: ---------------------------------  
files count in search directory : 15

16-08-2023 09:32:33 | INFO  
--------------------------------- Message: ---------------------------------  
files count in search directory : 15

16-08-2023 09:32:33 | INFO  
--------------------------------- Message: ---------------------------------  
files count in search directory : 15

16-08-2023 09:32:33 | INFO  
--------------------------------- Message: ---------------------------------  
files count in search directory : 15

16-08-2023 09:32:33 | INFO  
--------------------------------- Message: ---------------------------------  
files count in search directory : 15

16-08-2023 09:32:34 | INFO  
--------------------------------- Message: ---------------------------------  
files count in search directory : 15

16-08-2023 09:32:34 | INFO  
--------------------------------- Message: ---------------------------------  
files count in search directory : 15

16-08-2023 09:32:34 | INFO  
--------------------------------- Message: ---------------------------------  
files count in search directory : 15

16-08-2023 09:32:34 | INFO  
--------------------------------- Message: ---------------------------------  
files count in search directory : 15

16-08-2023 09:32:34 | INFO  
--------------------------------- Message: ---------------------------------  
files count in search directory : 15

16-08-2023 09:32:34 | INFO  
--------------------------------- Message: ---------------------------------  
files count in search directory : 15

16-08-2023 09:32:34 | INFO  
--------------------------------- Message: ---------------------------------  
files count in search directory : 15

16-08-2023 09:32:34 | INFO  
--------------------------------- Message: ---------------------------------  
files count in search directory : 15

16-08-2023 09:32:34 | INFO  
--------------------------------- Message: ---------------------------------  
files count in search directory : 15

16-08-2023 09:32:35 | INFO  
--------------------------------- Message: ---------------------------------  
files count in search directory : 15

16-08-2023 09:32:35 | INFO  
--------------------------------- Message: ---------------------------------  
files count in search directory : 15

16-08-2023 09:32:35 | INFO  
--------------------------------- Message: ---------------------------------  
files count in search directory : 15

16-08-2023 09:32:35 | INFO  
--------------------------------- Message: ---------------------------------  
files count in search directory : 15

16-08-2023 09:32:35 | INFO  
--------------------------------- Message: ---------------------------------  
files count in search directory : 15

16-08-2023 09:32:35 | INFO  
--------------------------------- Message: ---------------------------------  
files count in search directory : 15

16-08-2023 09:32:35 | INFO  
--------------------------------- Message: ---------------------------------  
files count in search directory : 15

16-08-2023 09:32:35 | INFO  
--------------------------------- Message: ---------------------------------  
files count in search directory : 15

16-08-2023 09:32:35 | INFO  
--------------------------------- Message: ---------------------------------  
files count in search directory : 15

16-08-2023 09:32:36 | INFO  
--------------------------------- Message: ---------------------------------  
files count in search directory : 15

16-08-2023 09:32:36 | INFO  
--------------------------------- Message: ---------------------------------  
files count in search directory : 15

16-08-2023 09:32:36 | INFO  
--------------------------------- Message: ---------------------------------  
files count in search directory : 15

16-08-2023 09:32:36 | INFO  
--------------------------------- Message: ---------------------------------  
files count in search directory : 15

16-08-2023 09:32:36 | INFO  
--------------------------------- Message: ---------------------------------  
files count in search directory : 15

16-08-2023 09:32:36 | INFO  
--------------------------------- Message: ---------------------------------  
files count in search directory : 15

16-08-2023 09:32:36 | INFO  
--------------------------------- Message: ---------------------------------  
files count in search directory : 15

16-08-2023 09:32:36 | INFO  
--------------------------------- Message: ---------------------------------  
files count in search directory : 15

16-08-2023 09:32:36 | INFO  
--------------------------------- Message: ---------------------------------  
files count in search directory : 15

16-08-2023 09:32:36 | INFO  
--------------------------------- Message: ---------------------------------  
files count in search directory : 15

16-08-2023 09:32:37 | INFO  
--------------------------------- Message: ---------------------------------  
files count in search directory : 15

16-08-2023 09:32:37 | INFO  
--------------------------------- Message: ---------------------------------  
files count in search directory : 15

16-08-2023 09:32:37 | INFO  
--------------------------------- Message: ---------------------------------  
files count in search directory : 15

16-08-2023 09:32:37 | INFO  
--------------------------------- Message: ---------------------------------  
files count in search directory : 15

16-08-2023 09:32:37 | INFO  
--------------------------------- Message: ---------------------------------  
files count in search directory : 15

16-08-2023 09:32:37 | INFO  
--------------------------------- Message: ---------------------------------  
files count in search directory : 15

16-08-2023 09:32:37 | INFO  
--------------------------------- Message: ---------------------------------  
files count in search directory : 15

16-08-2023 09:32:37 | INFO  
--------------------------------- Message: ---------------------------------  
files count in search directory : 15

16-08-2023 09:32:37 | INFO  
--------------------------------- Message: ---------------------------------  
files count in search directory : 15

16-08-2023 09:32:38 | INFO  
--------------------------------- Message: ---------------------------------  
files count in search directory : 15

16-08-2023 09:32:38 | INFO  
--------------------------------- Message: ---------------------------------  
files count in search directory : 15

16-08-2023 09:32:38 | INFO  
--------------------------------- Message: ---------------------------------  
files count in search directory : 15

16-08-2023 09:32:38 | INFO  
--------------------------------- Message: ---------------------------------  
files count in search directory : 15

16-08-2023 09:32:38 | INFO  
--------------------------------- Message: ---------------------------------  
files count in search directory : 15

16-08-2023 09:32:38 | INFO  
--------------------------------- Message: ---------------------------------  
files count in search directory : 15

16-08-2023 09:32:38 | INFO  
--------------------------------- Message: ---------------------------------  
files count in search directory : 15

16-08-2023 09:32:38 | INFO  
--------------------------------- Message: ---------------------------------  
files count in search directory : 15

16-08-2023 09:32:38 | INFO  
--------------------------------- Message: ---------------------------------  
files count in search directory : 15

16-08-2023 09:32:39 | INFO  
--------------------------------- Message: ---------------------------------  
files count in search directory : 15

16-08-2023 09:32:39 | INFO  
--------------------------------- Message: ---------------------------------  
files count in search directory : 15

16-08-2023 09:32:39 | INFO  
--------------------------------- Message: ---------------------------------  
files count in search directory : 15

16-08-2023 09:32:39 | INFO  
--------------------------------- Message: ---------------------------------  
files count in search directory : 15

16-08-2023 09:32:39 | INFO  
--------------------------------- Message: ---------------------------------  
files count in search directory : 15

16-08-2023 09:32:39 | INFO  
--------------------------------- Message: ---------------------------------  
files count in search directory : 15

16-08-2023 09:32:39 | INFO  
--------------------------------- Message: ---------------------------------  
files count in search directory : 15

16-08-2023 09:32:39 | INFO  
--------------------------------- Message: ---------------------------------  
files count in search directory : 15

16-08-2023 09:32:39 | INFO  
--------------------------------- Message: ---------------------------------  
files count in search directory : 15

16-08-2023 09:32:40 | INFO  
--------------------------------- Message: ---------------------------------  
files count in search directory : 15

16-08-2023 09:32:40 | INFO  
--------------------------------- Message: ---------------------------------  
files count in search directory : 15

16-08-2023 09:32:40 | INFO  
--------------------------------- Message: ---------------------------------  
files count in search directory : 15

16-08-2023 09:32:40 | INFO  
--------------------------------- Message: ---------------------------------  
files count in search directory : 15

16-08-2023 09:32:40 | INFO  
--------------------------------- Message: ---------------------------------  
files count in search directory : 15

16-08-2023 09:32:40 | INFO  
--------------------------------- Message: ---------------------------------  
files count in search directory : 15

16-08-2023 09:32:40 | INFO  
--------------------------------- Message: ---------------------------------  
files count in search directory : 15

16-08-2023 09:32:40 | INFO  
--------------------------------- Message: ---------------------------------  
files count in search directory : 15

16-08-2023 09:32:40 | INFO  
--------------------------------- Message: ---------------------------------  
files count in search directory : 15

16-08-2023 09:32:41 | INFO  
--------------------------------- Message: ---------------------------------  
files count in search directory : 15

16-08-2023 09:32:41 | INFO  
--------------------------------- Message: ---------------------------------  
files count in search directory : 15

16-08-2023 09:32:41 | INFO  
--------------------------------- Message: ---------------------------------  
files count in search directory : 15

16-08-2023 09:32:41 | INFO  
--------------------------------- Message: ---------------------------------  
files count in search directory : 15

16-08-2023 09:32:41 | INFO  
--------------------------------- Message: ---------------------------------  
files count in search directory : 15

16-08-2023 09:32:41 | INFO  
--------------------------------- Message: ---------------------------------  
files count in search directory : 15

16-08-2023 09:32:41 | INFO  
--------------------------------- Message: ---------------------------------  
files count in search directory : 15

16-08-2023 09:32:41 | INFO  
--------------------------------- Message: ---------------------------------  
files count in search directory : 15

16-08-2023 09:32:41 | INFO  
--------------------------------- Message: ---------------------------------  
files count in search directory : 15

16-08-2023 09:32:42 | INFO  
--------------------------------- Message: ---------------------------------  
files count in search directory : 15

16-08-2023 09:32:42 | INFO  
--------------------------------- Message: ---------------------------------  
files count in search directory : 15

16-08-2023 09:32:42 | INFO  
--------------------------------- Message: ---------------------------------  
files count in search directory : 15

16-08-2023 09:32:42 | INFO  
--------------------------------- Message: ---------------------------------  
files count in search directory : 15

16-08-2023 09:32:42 | INFO  
--------------------------------- Message: ---------------------------------  
files count in search directory : 15

16-08-2023 09:32:42 | INFO  
--------------------------------- Message: ---------------------------------  
files count in search directory : 15

16-08-2023 09:32:42 | INFO  
--------------------------------- Message: ---------------------------------  
files count in search directory : 15

16-08-2023 09:32:42 | INFO  
--------------------------------- Message: ---------------------------------  
files count in search directory : 15

16-08-2023 09:32:42 | INFO  
--------------------------------- Message: ---------------------------------  
files count in search directory : 15

16-08-2023 09:32:43 | INFO  
--------------------------------- Message: ---------------------------------  
files count in search directory : 15

16-08-2023 09:32:43 | INFO  
--------------------------------- Message: ---------------------------------  
files count in search directory : 15

16-08-2023 09:32:43 | INFO  
--------------------------------- Message: ---------------------------------  
files count in search directory : 15

16-08-2023 09:32:43 | INFO  
--------------------------------- Message: ---------------------------------  
files count in search directory : 15

16-08-2023 09:32:43 | INFO  
--------------------------------- Message: ---------------------------------  
files count in search directory : 15

16-08-2023 09:32:43 | INFO  
--------------------------------- Message: ---------------------------------  
files count in search directory : 15

16-08-2023 09:32:43 | INFO  
--------------------------------- Message: ---------------------------------  
files count in search directory : 15

16-08-2023 09:32:43 | INFO  
--------------------------------- Message: ---------------------------------  
files count in search directory : 15

16-08-2023 09:32:43 | INFO  
--------------------------------- Message: ---------------------------------  
files count in search directory : 15

16-08-2023 09:32:44 | INFO  
--------------------------------- Message: ---------------------------------  
files count in search directory : 15

16-08-2023 09:32:44 | INFO  
--------------------------------- Message: ---------------------------------  
files count in search directory : 15

16-08-2023 09:32:44 | INFO  
--------------------------------- Message: ---------------------------------  
files count in search directory : 15

16-08-2023 09:32:44 | INFO  
--------------------------------- Message: ---------------------------------  
files count in search directory : 15

16-08-2023 09:32:44 | INFO  
--------------------------------- Message: ---------------------------------  
files count in search directory : 15

16-08-2023 09:32:44 | INFO  
--------------------------------- Message: ---------------------------------  
files count in search directory : 15

16-08-2023 09:32:44 | INFO  
--------------------------------- Message: ---------------------------------  
files count in search directory : 15

16-08-2023 09:32:44 | INFO  
--------------------------------- Message: ---------------------------------  
files count in search directory : 15

16-08-2023 09:32:44 | INFO  
--------------------------------- Message: ---------------------------------  
files count in search directory : 15

16-08-2023 09:32:45 | INFO  
--------------------------------- Message: ---------------------------------  
files count in search directory : 15

16-08-2023 09:32:45 | INFO  
--------------------------------- Message: ---------------------------------  
files count in search directory : 15

16-08-2023 09:32:45 | INFO  
--------------------------------- Message: ---------------------------------  
files count in search directory : 15

16-08-2023 09:32:45 | INFO  
--------------------------------- Message: ---------------------------------  
files count in search directory : 15

16-08-2023 09:32:45 | INFO  
--------------------------------- Message: ---------------------------------  
files count in search directory : 15

16-08-2023 09:32:45 | INFO  
--------------------------------- Message: ---------------------------------  
files count in search directory : 15

16-08-2023 09:32:45 | INFO  
--------------------------------- Message: ---------------------------------  
files count in search directory : 15

16-08-2023 09:32:45 | INFO  
--------------------------------- Message: ---------------------------------  
files count in search directory : 15

16-08-2023 09:32:45 | INFO  
--------------------------------- Message: ---------------------------------  
files count in search directory : 15

16-08-2023 09:32:45 | INFO  
--------------------------------- Message: ---------------------------------  
files count in search directory : 15

16-08-2023 09:32:46 | INFO  
--------------------------------- Message: ---------------------------------  
files count in search directory : 15

16-08-2023 09:32:46 | INFO  
--------------------------------- Message: ---------------------------------  
files count in search directory : 15

16-08-2023 09:32:46 | INFO  
--------------------------------- Message: ---------------------------------  
files count in search directory : 15

16-08-2023 09:32:46 | INFO  
--------------------------------- Message: ---------------------------------  
files count in search directory : 15

16-08-2023 09:32:46 | INFO  
--------------------------------- Message: ---------------------------------  
files count in search directory : 15

16-08-2023 09:32:46 | INFO  
--------------------------------- Message: ---------------------------------  
files count in search directory : 15

16-08-2023 09:32:46 | INFO  
--------------------------------- Message: ---------------------------------  
files count in search directory : 15

16-08-2023 09:32:46 | INFO  
--------------------------------- Message: ---------------------------------  
files count in search directory : 15

16-08-2023 09:32:46 | INFO  
--------------------------------- Message: ---------------------------------  
files count in search directory : 15

16-08-2023 09:32:47 | INFO  
--------------------------------- Message: ---------------------------------  
files count in search directory : 15

16-08-2023 09:32:47 | INFO  
--------------------------------- Message: ---------------------------------  
files count in search directory : 15

16-08-2023 09:32:47 | INFO  
--------------------------------- Message: ---------------------------------  
files count in search directory : 15

16-08-2023 09:32:47 | INFO  
--------------------------------- Message: ---------------------------------  
files count in search directory : 15

16-08-2023 09:32:47 | INFO  
--------------------------------- Message: ---------------------------------  
files count in search directory : 15

16-08-2023 09:32:47 | INFO  
--------------------------------- Message: ---------------------------------  
files count in search directory : 15

16-08-2023 09:32:47 | INFO  
--------------------------------- Message: ---------------------------------  
files count in search directory : 15

16-08-2023 09:32:47 | INFO  
--------------------------------- Message: ---------------------------------  
files count in search directory : 15

16-08-2023 09:32:47 | INFO  
--------------------------------- Message: ---------------------------------  
files count in search directory : 15

16-08-2023 09:32:48 | INFO  
--------------------------------- Message: ---------------------------------  
files count in search directory : 15

16-08-2023 09:32:48 | INFO  
--------------------------------- Message: ---------------------------------  
files count in search directory : 15

16-08-2023 09:32:48 | INFO  
--------------------------------- Message: ---------------------------------  
files count in search directory : 15

16-08-2023 09:32:48 | INFO  
--------------------------------- Message: ---------------------------------  
files count in search directory : 15

16-08-2023 09:32:48 | INFO  
--------------------------------- Message: ---------------------------------  
files count in search directory : 15

16-08-2023 09:32:48 | INFO  
--------------------------------- Message: ---------------------------------  
files count in search directory : 15

16-08-2023 09:32:48 | INFO  
--------------------------------- Message: ---------------------------------  
files count in search directory : 15

16-08-2023 09:32:48 | INFO  
--------------------------------- Message: ---------------------------------  
files count in search directory : 15

16-08-2023 09:32:48 | INFO  
--------------------------------- Message: ---------------------------------  
files count in search directory : 15

16-08-2023 09:32:49 | INFO  
--------------------------------- Message: ---------------------------------  
files count in search directory : 15

16-08-2023 09:32:49 | INFO  
--------------------------------- Message: ---------------------------------  
files count in search directory : 15

16-08-2023 09:32:49 | INFO  
--------------------------------- Message: ---------------------------------  
files count in search directory : 15

16-08-2023 09:32:49 | INFO  
--------------------------------- Message: ---------------------------------  
files count in search directory : 15

16-08-2023 09:32:49 | INFO  
--------------------------------- Message: ---------------------------------  
files count in search directory : 15

16-08-2023 09:32:49 | INFO  
--------------------------------- Message: ---------------------------------  
files count in search directory : 15

16-08-2023 09:32:49 | INFO  
--------------------------------- Message: ---------------------------------  
files count in search directory : 15

16-08-2023 09:32:49 | INFO  
--------------------------------- Message: ---------------------------------  
files count in search directory : 15

16-08-2023 09:32:49 | INFO  
--------------------------------- Message: ---------------------------------  
files count in search directory : 15

16-08-2023 09:32:50 | INFO  
--------------------------------- Message: ---------------------------------  
files count in search directory : 15

16-08-2023 09:32:50 | INFO  
--------------------------------- Message: ---------------------------------  
files count in search directory : 15

16-08-2023 09:32:50 | INFO  
--------------------------------- Message: ---------------------------------  
files count in search directory : 15

16-08-2023 09:32:50 | INFO  
--------------------------------- Message: ---------------------------------  
files count in search directory : 15

16-08-2023 09:32:50 | INFO  
--------------------------------- Message: ---------------------------------  
files count in search directory : 15

16-08-2023 09:32:50 | INFO  
--------------------------------- Message: ---------------------------------  
files count in search directory : 15

16-08-2023 09:32:50 | INFO  
--------------------------------- Message: ---------------------------------  
files count in search directory : 15

16-08-2023 09:32:50 | INFO  
--------------------------------- Message: ---------------------------------  
files count in search directory : 15

16-08-2023 09:32:50 | INFO  
--------------------------------- Message: ---------------------------------  
files count in search directory : 15

16-08-2023 09:32:51 | INFO  
--------------------------------- Message: ---------------------------------  
files count in search directory : 15

16-08-2023 09:32:51 | INFO  
--------------------------------- Message: ---------------------------------  
files count in search directory : 15

16-08-2023 09:32:51 | INFO  
--------------------------------- Message: ---------------------------------  
files count in search directory : 15

16-08-2023 09:32:51 | INFO  
--------------------------------- Message: ---------------------------------  
files count in search directory : 15

16-08-2023 09:32:51 | INFO  
--------------------------------- Message: ---------------------------------  
files count in search directory : 15

16-08-2023 09:32:51 | INFO  
--------------------------------- Message: ---------------------------------  
files count in search directory : 15

16-08-2023 09:32:51 | INFO  
--------------------------------- Message: ---------------------------------  
files count in search directory : 15

16-08-2023 09:32:51 | INFO  
--------------------------------- Message: ---------------------------------  
files count in search directory : 15

16-08-2023 09:32:51 | INFO  
--------------------------------- Message: ---------------------------------  
files count in search directory : 15

16-08-2023 09:32:52 | INFO  
--------------------------------- Message: ---------------------------------  
files count in search directory : 15

16-08-2023 09:32:52 | INFO  
--------------------------------- Message: ---------------------------------  
files count in search directory : 15

16-08-2023 09:32:52 | INFO  
--------------------------------- Message: ---------------------------------  
files count in search directory : 15

16-08-2023 09:32:52 | INFO  
--------------------------------- Message: ---------------------------------  
files count in search directory : 15

16-08-2023 09:32:52 | INFO  
--------------------------------- Message: ---------------------------------  
files count in search directory : 15

16-08-2023 09:32:52 | INFO  
--------------------------------- Message: ---------------------------------  
files count in search directory : 15

16-08-2023 09:32:52 | INFO  
--------------------------------- Message: ---------------------------------  
files count in search directory : 15

16-08-2023 09:32:52 | INFO  
--------------------------------- Message: ---------------------------------  
files count in search directory : 15

16-08-2023 09:32:52 | INFO  
--------------------------------- Message: ---------------------------------  
files count in search directory : 15

16-08-2023 09:32:53 | INFO  
--------------------------------- Message: ---------------------------------  
files count in search directory : 15

16-08-2023 09:32:53 | INFO  
--------------------------------- Message: ---------------------------------  
files count in search directory : 15

16-08-2023 09:32:53 | INFO  
--------------------------------- Message: ---------------------------------  
files count in search directory : 15

16-08-2023 09:32:53 | INFO  
--------------------------------- Message: ---------------------------------  
files count in search directory : 15

16-08-2023 09:32:53 | INFO  
--------------------------------- Message: ---------------------------------  
files count in search directory : 15

16-08-2023 09:32:53 | INFO  
--------------------------------- Message: ---------------------------------  
files count in search directory : 15

16-08-2023 09:32:53 | INFO  
--------------------------------- Message: ---------------------------------  
files count in search directory : 15

16-08-2023 09:32:53 | INFO  
--------------------------------- Message: ---------------------------------  
files count in search directory : 15

16-08-2023 09:32:53 | INFO  
--------------------------------- Message: ---------------------------------  
files count in search directory : 15

16-08-2023 09:32:54 | INFO  
--------------------------------- Message: ---------------------------------  
files count in search directory : 15

16-08-2023 09:32:54 | INFO  
--------------------------------- Message: ---------------------------------  
files count in search directory : 15

16-08-2023 09:32:54 | INFO  
--------------------------------- Message: ---------------------------------  
files count in search directory : 15

16-08-2023 09:32:54 | INFO  
--------------------------------- Message: ---------------------------------  
files count in search directory : 15

16-08-2023 09:32:54 | INFO  
--------------------------------- Message: ---------------------------------  
files count in search directory : 15

16-08-2023 09:32:54 | INFO  
--------------------------------- Message: ---------------------------------  
files count in search directory : 15

16-08-2023 09:32:54 | INFO  
--------------------------------- Message: ---------------------------------  
files count in search directory : 15

16-08-2023 09:32:54 | INFO  
--------------------------------- Message: ---------------------------------  
files count in search directory : 15

16-08-2023 09:32:54 | INFO  
--------------------------------- Message: ---------------------------------  
files count in search directory : 15

16-08-2023 09:32:54 | INFO  
--------------------------------- Message: ---------------------------------  
files count in search directory : 15

16-08-2023 09:32:55 | INFO  
--------------------------------- Message: ---------------------------------  
files count in search directory : 15

16-08-2023 09:32:55 | INFO  
--------------------------------- Message: ---------------------------------  
files count in search directory : 15

16-08-2023 09:32:55 | INFO  
--------------------------------- Message: ---------------------------------  
files count in search directory : 15

16-08-2023 09:32:55 | INFO  
--------------------------------- Message: ---------------------------------  
files count in search directory : 15

16-08-2023 09:32:55 | INFO  
--------------------------------- Message: ---------------------------------  
files count in search directory : 15

16-08-2023 09:32:55 | INFO  
--------------------------------- Message: ---------------------------------  
files count in search directory : 15

16-08-2023 09:32:55 | INFO  
--------------------------------- Message: ---------------------------------  
files count in search directory : 15

16-08-2023 09:32:55 | INFO  
--------------------------------- Message: ---------------------------------  
files count in search directory : 15

16-08-2023 09:32:55 | INFO  
--------------------------------- Message: ---------------------------------  
files count in search directory : 15

16-08-2023 09:32:56 | INFO  
--------------------------------- Message: ---------------------------------  
files count in search directory : 15

16-08-2023 09:32:56 | INFO  
--------------------------------- Message: ---------------------------------  
files count in search directory : 15

16-08-2023 09:32:56 | INFO  
--------------------------------- Message: ---------------------------------  
files count in search directory : 15

16-08-2023 09:32:56 | INFO  
--------------------------------- Message: ---------------------------------  
files count in search directory : 15

16-08-2023 09:32:56 | INFO  
--------------------------------- Message: ---------------------------------  
files count in search directory : 15

16-08-2023 09:32:56 | INFO  
--------------------------------- Message: ---------------------------------  
files count in search directory : 15

16-08-2023 09:32:56 | INFO  
--------------------------------- Message: ---------------------------------  
files count in search directory : 15

16-08-2023 09:32:56 | INFO  
--------------------------------- Message: ---------------------------------  
files count in search directory : 15

16-08-2023 09:32:56 | INFO  
--------------------------------- Message: ---------------------------------  
files count in search directory : 15

16-08-2023 09:32:57 | INFO  
--------------------------------- Message: ---------------------------------  
files count in search directory : 15

16-08-2023 09:32:57 | INFO  
--------------------------------- Message: ---------------------------------  
files count in search directory : 15

16-08-2023 09:32:57 | INFO  
--------------------------------- Message: ---------------------------------  
files count in search directory : 15

16-08-2023 09:32:57 | INFO  
--------------------------------- Message: ---------------------------------  
files count in search directory : 15

16-08-2023 09:32:57 | INFO  
--------------------------------- Message: ---------------------------------  
files count in search directory : 15

16-08-2023 09:32:57 | INFO  
--------------------------------- Message: ---------------------------------  
files count in search directory : 15

16-08-2023 09:32:57 | INFO  
--------------------------------- Message: ---------------------------------  
files count in search directory : 15

16-08-2023 09:32:57 | INFO  
--------------------------------- Message: ---------------------------------  
files count in search directory : 15

16-08-2023 09:32:57 | INFO  
--------------------------------- Message: ---------------------------------  
files count in search directory : 15

16-08-2023 09:32:58 | INFO  
--------------------------------- Message: ---------------------------------  
files count in search directory : 15

16-08-2023 09:32:58 | INFO  
--------------------------------- Message: ---------------------------------  
files count in search directory : 15

16-08-2023 09:32:58 | INFO  
--------------------------------- Message: ---------------------------------  
files count in search directory : 15

16-08-2023 09:32:58 | INFO  
--------------------------------- Message: ---------------------------------  
files count in search directory : 15

16-08-2023 09:32:58 | INFO  
--------------------------------- Message: ---------------------------------  
files count in search directory : 15

16-08-2023 09:32:58 | INFO  
--------------------------------- Message: ---------------------------------  
files count in search directory : 15

16-08-2023 09:32:58 | INFO  
--------------------------------- Message: ---------------------------------  
files count in search directory : 15

16-08-2023 09:32:58 | INFO  
--------------------------------- Message: ---------------------------------  
files count in search directory : 15

16-08-2023 09:32:58 | INFO  
--------------------------------- Message: ---------------------------------  
files count in search directory : 15

16-08-2023 09:32:59 | INFO  
--------------------------------- Message: ---------------------------------  
files count in search directory : 15

16-08-2023 09:32:59 | INFO  
--------------------------------- Message: ---------------------------------  
files count in search directory : 15

16-08-2023 09:32:59 | INFO  
--------------------------------- Message: ---------------------------------  
files count in search directory : 15

16-08-2023 09:32:59 | INFO  
--------------------------------- Message: ---------------------------------  
files count in search directory : 15

16-08-2023 09:32:59 | INFO  
--------------------------------- Message: ---------------------------------  
files count in search directory : 15

16-08-2023 09:32:59 | INFO  
--------------------------------- Message: ---------------------------------  
files count in search directory : 15

16-08-2023 09:32:59 | INFO  
--------------------------------- Message: ---------------------------------  
files count in search directory : 15

16-08-2023 09:32:59 | INFO  
--------------------------------- Message: ---------------------------------  
files count in search directory : 15

16-08-2023 09:32:59 | INFO  
--------------------------------- Message: ---------------------------------  
files count in search directory : 15

16-08-2023 09:33:00 | INFO  
--------------------------------- Message: ---------------------------------  
files count in search directory : 15

16-08-2023 09:33:00 | INFO  
--------------------------------- Message: ---------------------------------  
files count in search directory : 15

16-08-2023 09:33:00 | INFO  
--------------------------------- Message: ---------------------------------  
files count in search directory : 15

16-08-2023 09:33:00 | INFO  
--------------------------------- Message: ---------------------------------  
files count in search directory : 15

16-08-2023 09:33:00 | INFO  
--------------------------------- Message: ---------------------------------  
files count in search directory : 15

16-08-2023 09:33:00 | INFO  
--------------------------------- Message: ---------------------------------  
files count in search directory : 15

16-08-2023 09:33:00 | INFO  
--------------------------------- Message: ---------------------------------  
files count in search directory : 15

16-08-2023 09:33:00 | INFO  
--------------------------------- Message: ---------------------------------  
files count in search directory : 15

16-08-2023 09:33:00 | INFO  
--------------------------------- Message: ---------------------------------  
files count in search directory : 15

16-08-2023 09:33:01 | INFO  
--------------------------------- Message: ---------------------------------  
files count in search directory : 15

16-08-2023 09:33:01 | INFO  
--------------------------------- Message: ---------------------------------  
files count in search directory : 15

16-08-2023 09:33:01 | INFO  
--------------------------------- Message: ---------------------------------  
files count in search directory : 15

16-08-2023 09:33:01 | INFO  
--------------------------------- Message: ---------------------------------  
files count in search directory : 15

16-08-2023 09:33:01 | INFO  
--------------------------------- Message: ---------------------------------  
files count in search directory : 15

16-08-2023 09:33:01 | INFO  
--------------------------------- Message: ---------------------------------  
files count in search directory : 15

16-08-2023 09:33:01 | INFO  
--------------------------------- Message: ---------------------------------  
files count in search directory : 15

16-08-2023 09:33:01 | INFO  
--------------------------------- Message: ---------------------------------  
files count in search directory : 15

16-08-2023 09:33:01 | INFO  
--------------------------------- Message: ---------------------------------  
files count in search directory : 15

16-08-2023 09:33:01 | INFO  
--------------------------------- Message: ---------------------------------  
files count in search directory : 15

16-08-2023 09:33:02 | INFO  
--------------------------------- Message: ---------------------------------  
files count in search directory : 15

16-08-2023 09:33:02 | INFO  
--------------------------------- Message: ---------------------------------  
files count in search directory : 15

16-08-2023 09:33:02 | INFO  
--------------------------------- Message: ---------------------------------  
files count in search directory : 15

16-08-2023 09:33:02 | INFO  
--------------------------------- Message: ---------------------------------  
files count in search directory : 15

16-08-2023 09:33:02 | INFO  
--------------------------------- Message: ---------------------------------  
File Matched : 6031643778 

16-08-2023 09:33:02 | INFO  
--------------------------------- Message: ---------------------------------  
File Matched : D:\F3_Technology\TESTAPP\Directory\(labhl6ch)6031643778.txt 

16-08-2023 09:33:02 | INFO  
--------------------------------- Message: ---------------------------------  
File Matched : 6031643778 

16-08-2023 09:33:02 | INFO  
--------------------------------- Message: ---------------------------------  
File Matched : D:\F3_Technology\TESTAPP\Directory\(labhl6ch)6031643778.txt 

16-08-2023 09:33:02 | INFO  
--------------------------------- Message: ---------------------------------  
File Matched : 6031643778 

16-08-2023 09:33:02 | INFO  
--------------------------------- Message: ---------------------------------  
File Matched : D:\F3_Technology\TESTAPP\Directory\abb11.txt 

16-08-2023 09:33:02 | INFO  
--------------------------------- Message: ---------------------------------  
File Matched : 6031643778 

16-08-2023 09:33:02 | INFO  
--------------------------------- Message: ---------------------------------  
File Matched : D:\F3_Technology\TESTAPP\Directory\abb11.txt 

16-08-2023 09:33:02 | INFO  
--------------------------------- Message: ---------------------------------  
File Matched : 6031643778 

16-08-2023 09:33:02 | INFO  
--------------------------------- Message: ---------------------------------  
File Matched : D:\F3_Technology\TESTAPP\Directory\abv11.txt 

16-08-2023 09:33:02 | INFO  
--------------------------------- Message: ---------------------------------  
File Matched : 6031643778 

16-08-2023 09:33:02 | INFO  
--------------------------------- Message: ---------------------------------  
File Matched : D:\F3_Technology\TESTAPP\Directory\abv11.txt 

16-08-2023 09:33:02 | INFO  
--------------------------------- Message: ---------------------------------  
Total matched : 10 files .

16-08-2023 09:33:02 | INFO  
--------------------------------- Message: ---------------------------------  
Matching files have been copied.

