06-08-2023 01:13:52 | INFO  
--------------------------------- Message: ---------------------------------  
user upload file

06-08-2023 01:14:25 | INFO  
--------------------------------- Message: ---------------------------------  
-------------Search Parameter ---------------

06-08-2023 01:14:25 | INFO  
--------------------------------- Message: ---------------------------------  
From Date : System.Windows.Forms.DateTimePicker, Value: 02-Aug-23 1:13:44 AM 

06-08-2023 01:14:25 | INFO  
--------------------------------- Message: ---------------------------------  
To Date : System.Windows.Forms.DateTimePicker, Value: 06-Aug-23 12:00:00 AM 

06-08-2023 01:14:25 | INFO  
--------------------------------- Message: ---------------------------------  
 

06-08-2023 01:14:25 | INFO  
--------------------------------- Message: ---------------------------------  
-------------Search Parameter ---------------

06-08-2023 01:14:25 | INFO  
--------------------------------- Message: ---------------------------------  
files count in search directory : 22

06-08-2023 01:14:25 | INFO  
--------------------------------- Message: ---------------------------------  
File Matched : 74894 

06-08-2023 01:14:25 | INFO  
--------------------------------- Message: ---------------------------------  
File Matched : F:\textapp\directory\File1.txt 

06-08-2023 01:14:25 | INFO  
--------------------------------- Message: ---------------------------------  
File Matched : 74894 

06-08-2023 01:14:25 | INFO  
--------------------------------- Message: ---------------------------------  
File Matched : F:\textapp\directory\File15.txt 

06-08-2023 01:14:25 | INFO  
--------------------------------- Message: ---------------------------------  
File Matched : 74894 

06-08-2023 01:14:25 | INFO  
--------------------------------- Message: ---------------------------------  
File Matched : F:\textapp\directory\file16.txt 

06-08-2023 01:14:25 | INFO  
--------------------------------- Message: ---------------------------------  
File Matched : 74894 

06-08-2023 01:14:25 | INFO  
--------------------------------- Message: ---------------------------------  
File Matched : F:\textapp\directory\file17.txt 

06-08-2023 01:14:25 | INFO  
--------------------------------- Message: ---------------------------------  
files count in search directory : 22

06-08-2023 01:14:25 | INFO  
--------------------------------- Message: ---------------------------------  
File Matched : 8211591870 

06-08-2023 01:14:25 | INFO  
--------------------------------- Message: ---------------------------------  
File Matched : F:\textapp\directory\file14.txt 

06-08-2023 01:14:25 | INFO  
--------------------------------- Message: ---------------------------------  
File Matched : 8211591870 

06-08-2023 01:14:25 | INFO  
--------------------------------- Message: ---------------------------------  
File Matched : F:\textapp\directory\File2.txt 

06-08-2023 01:14:25 | INFO  
--------------------------------- Message: ---------------------------------  
files count in search directory : 22

06-08-2023 01:14:25 | INFO  
--------------------------------- Message: ---------------------------------  
files count in search directory : 22

06-08-2023 01:14:25 | INFO  
--------------------------------- Message: ---------------------------------  
File Matched : 564768544826 

06-08-2023 01:14:25 | INFO  
--------------------------------- Message: ---------------------------------  
File Matched : F:\textapp\directory\File3.txt 

06-08-2023 01:14:25 | INFO  
--------------------------------- Message: ---------------------------------  
files count in search directory : 22

06-08-2023 01:14:25 | INFO  
--------------------------------- Message: ---------------------------------  
File Matched : 20220802114907620000 

06-08-2023 01:14:25 | INFO  
--------------------------------- Message: ---------------------------------  
File Matched : F:\textapp\directory\File4.txt 

06-08-2023 01:14:25 | INFO  
--------------------------------- Message: ---------------------------------  
files count in search directory : 22

06-08-2023 01:14:25 | INFO  
--------------------------------- Message: ---------------------------------  
File Matched : 20220802114902667000 

06-08-2023 01:14:25 | INFO  
--------------------------------- Message: ---------------------------------  
File Matched : F:\textapp\directory\File5.txt 

06-08-2023 01:14:25 | INFO  
--------------------------------- Message: ---------------------------------  
files count in search directory : 22

06-08-2023 01:14:25 | INFO  
--------------------------------- Message: ---------------------------------  
File Matched : 20220802113315270000 

06-08-2023 01:14:25 | INFO  
--------------------------------- Message: ---------------------------------  
File Matched : F:\textapp\directory\File6.txt 

06-08-2023 01:14:25 | INFO  
--------------------------------- Message: ---------------------------------  
files count in search directory : 22

06-08-2023 01:14:25 | INFO  
--------------------------------- Message: ---------------------------------  
File Matched : 821161370 

06-08-2023 01:14:25 | INFO  
--------------------------------- Message: ---------------------------------  
File Matched : F:\textapp\directory\File7.txt 

06-08-2023 01:14:25 | INFO  
--------------------------------- Message: ---------------------------------  
files count in search directory : 22

06-08-2023 01:14:25 | INFO  
--------------------------------- Message: ---------------------------------  
files count in search directory : 22

06-08-2023 01:14:25 | INFO  
--------------------------------- Message: ---------------------------------  
File Matched : 568389382670 

06-08-2023 01:14:25 | INFO  
--------------------------------- Message: ---------------------------------  
File Matched : F:\textapp\directory\File9.txt 

06-08-2023 01:14:25 | INFO  
--------------------------------- Message: ---------------------------------  
files count in search directory : 22

06-08-2023 01:14:25 | INFO  
--------------------------------- Message: ---------------------------------  
File Matched : 547270249988 

06-08-2023 01:14:25 | INFO  
--------------------------------- Message: ---------------------------------  
File Matched : F:\textapp\directory\File10.txt 

06-08-2023 01:14:25 | INFO  
--------------------------------- Message: ---------------------------------  
files count in search directory : 22

06-08-2023 01:14:25 | INFO  
--------------------------------- Message: ---------------------------------  
File Matched : 540418412498 

06-08-2023 01:14:25 | INFO  
--------------------------------- Message: ---------------------------------  
File Matched : F:\textapp\directory\File11.txt 

06-08-2023 01:14:25 | INFO  
--------------------------------- Message: ---------------------------------  
files count in search directory : 22

06-08-2023 01:14:25 | INFO  
--------------------------------- Message: ---------------------------------  
File Matched : 21026 

06-08-2023 01:14:25 | INFO  
--------------------------------- Message: ---------------------------------  
File Matched : F:\textapp\directory\file12.txt 

06-08-2023 01:14:25 | INFO  
--------------------------------- Message: ---------------------------------  
files count in search directory : 22

06-08-2023 01:14:25 | INFO  
--------------------------------- Message: ---------------------------------  
File Matched : 21027 

06-08-2023 01:14:25 | INFO  
--------------------------------- Message: ---------------------------------  
File Matched : F:\textapp\directory\file13.txt 

06-08-2023 01:14:25 | INFO  
--------------------------------- Message: ---------------------------------  
files count in search directory : 22

06-08-2023 01:14:25 | INFO  
--------------------------------- Message: ---------------------------------  
files count in search directory : 22

06-08-2023 01:14:25 | INFO  
--------------------------------- Message: ---------------------------------  
files count in search directory : 22

06-08-2023 01:14:25 | INFO  
--------------------------------- Message: ---------------------------------  
files count in search directory : 22

06-08-2023 01:14:25 | INFO  
--------------------------------- Message: ---------------------------------  
files count in search directory : 22

06-08-2023 01:14:25 | INFO  
--------------------------------- Message: ---------------------------------  
files count in search directory : 22

06-08-2023 01:14:25 | INFO  
--------------------------------- Message: ---------------------------------  
files count in search directory : 22

06-08-2023 01:14:25 | INFO  
--------------------------------- Message: ---------------------------------  
files count in search directory : 22

06-08-2023 01:14:25 | INFO  
--------------------------------- Message: ---------------------------------  
File Matched : 489699582815 

06-08-2023 01:14:25 | INFO  
--------------------------------- Message: ---------------------------------  
File Matched : F:\textapp\directory\file19.txt 

06-08-2023 01:14:25 | INFO  
--------------------------------- Message: ---------------------------------  
files count in search directory : 22

06-08-2023 01:14:25 | INFO  
--------------------------------- Message: ---------------------------------  
files count in search directory : 22

06-08-2023 01:14:25 | INFO  
--------------------------------- Message: ---------------------------------  
File Matched : 18962 

06-08-2023 01:14:25 | INFO  
--------------------------------- Message: ---------------------------------  
File Matched : F:\textapp\directory\file20.txt 

06-08-2023 01:14:25 | INFO  
--------------------------------- Message: ---------------------------------  
files count in search directory : 22

06-08-2023 01:14:25 | INFO  
--------------------------------- Message: ---------------------------------  
files count in search directory : 22

06-08-2023 01:14:25 | INFO  
--------------------------------- Message: ---------------------------------  
files count in search directory : 22

06-08-2023 01:14:25 | INFO  
--------------------------------- Message: ---------------------------------  
files count in search directory : 22

06-08-2023 01:14:25 | INFO  
--------------------------------- Message: ---------------------------------  
files count in search directory : 22

06-08-2023 01:14:25 | INFO  
--------------------------------- Message: ---------------------------------  
files count in search directory : 22

06-08-2023 01:14:25 | INFO  
--------------------------------- Message: ---------------------------------  
files count in search directory : 22

06-08-2023 01:14:25 | INFO  
--------------------------------- Message: ---------------------------------  
files count in search directory : 22

06-08-2023 01:14:25 | INFO  
--------------------------------- Message: ---------------------------------  
files count in search directory : 22

06-08-2023 01:14:25 | INFO  
--------------------------------- Message: ---------------------------------  
files count in search directory : 22

06-08-2023 01:14:25 | INFO  
--------------------------------- Message: ---------------------------------  
files count in search directory : 22

06-08-2023 01:14:25 | INFO  
--------------------------------- Message: ---------------------------------  
File Matched : 481421350263 

06-08-2023 01:14:25 | INFO  
--------------------------------- Message: ---------------------------------  
File Matched : F:\textapp\directory\file18.txt 

06-08-2023 01:14:25 | INFO  
--------------------------------- Message: ---------------------------------  
files count in search directory : 22

06-08-2023 01:14:25 | INFO  
--------------------------------- Message: ---------------------------------  
files count in search directory : 22

06-08-2023 01:14:25 | INFO  
--------------------------------- Message: ---------------------------------  
File Matched : hc822949531 

06-08-2023 01:14:25 | INFO  
--------------------------------- Message: ---------------------------------  
File Matched : F:\textapp\directory\file21.txt 

06-08-2023 01:14:25 | INFO  
--------------------------------- Message: ---------------------------------  
Total matched : 20 files .

06-08-2023 01:14:25 | INFO  
--------------------------------- Message: ---------------------------------  
Matching files have been copied.

06-08-2023 01:16:25 | INFO  
--------------------------------- Message: ---------------------------------  
user upload file

06-08-2023 01:16:51 | INFO  
--------------------------------- Message: ---------------------------------  
-------------Search Parameter ---------------

06-08-2023 01:16:51 | INFO  
--------------------------------- Message: ---------------------------------  
From Date : System.Windows.Forms.DateTimePicker, Value: 01-Aug-23 1:16:17 AM 

06-08-2023 01:16:51 | INFO  
--------------------------------- Message: ---------------------------------  
To Date : System.Windows.Forms.DateTimePicker, Value: 06-Aug-23 12:00:00 AM 

06-08-2023 01:16:51 | INFO  
--------------------------------- Message: ---------------------------------  
 

06-08-2023 01:16:51 | INFO  
--------------------------------- Message: ---------------------------------  
-------------Search Parameter ---------------

06-08-2023 01:16:51 | INFO  
--------------------------------- Message: ---------------------------------  
files count in search directory : 22

06-08-2023 01:16:51 | INFO  
--------------------------------- Message: ---------------------------------  
File Matched : 74894 

06-08-2023 01:16:51 | INFO  
--------------------------------- Message: ---------------------------------  
File Matched : F:\textapp\directory\File1.txt 

06-08-2023 01:16:51 | INFO  
--------------------------------- Message: ---------------------------------  
File Matched : 74894 

06-08-2023 01:16:51 | INFO  
--------------------------------- Message: ---------------------------------  
File Matched : F:\textapp\directory\File15.txt 

06-08-2023 01:16:51 | INFO  
--------------------------------- Message: ---------------------------------  
File Matched : 74894 

06-08-2023 01:16:51 | INFO  
--------------------------------- Message: ---------------------------------  
File Matched : F:\textapp\directory\file16.txt 

06-08-2023 01:16:51 | INFO  
--------------------------------- Message: ---------------------------------  
File Matched : 74894 

06-08-2023 01:16:51 | INFO  
--------------------------------- Message: ---------------------------------  
File Matched : F:\textapp\directory\file17.txt 

06-08-2023 01:16:51 | INFO  
--------------------------------- Message: ---------------------------------  
files count in search directory : 22

06-08-2023 01:16:51 | INFO  
--------------------------------- Message: ---------------------------------  
File Matched : 8211591870 

06-08-2023 01:16:51 | INFO  
--------------------------------- Message: ---------------------------------  
File Matched : F:\textapp\directory\file14.txt 

06-08-2023 01:16:51 | INFO  
--------------------------------- Message: ---------------------------------  
File Matched : 8211591870 

06-08-2023 01:16:51 | INFO  
--------------------------------- Message: ---------------------------------  
File Matched : F:\textapp\directory\File2.txt 

06-08-2023 01:16:51 | INFO  
--------------------------------- Message: ---------------------------------  
files count in search directory : 22

06-08-2023 01:16:51 | INFO  
--------------------------------- Message: ---------------------------------  
files count in search directory : 22

06-08-2023 01:16:51 | INFO  
--------------------------------- Message: ---------------------------------  
File Matched : 564768544826 

06-08-2023 01:16:51 | INFO  
--------------------------------- Message: ---------------------------------  
File Matched : F:\textapp\directory\File3.txt 

06-08-2023 01:16:51 | INFO  
--------------------------------- Message: ---------------------------------  
files count in search directory : 22

06-08-2023 01:16:51 | INFO  
--------------------------------- Message: ---------------------------------  
File Matched : 20220802114907620000 

06-08-2023 01:16:51 | INFO  
--------------------------------- Message: ---------------------------------  
File Matched : F:\textapp\directory\File4.txt 

06-08-2023 01:16:51 | INFO  
--------------------------------- Message: ---------------------------------  
files count in search directory : 22

06-08-2023 01:16:51 | INFO  
--------------------------------- Message: ---------------------------------  
File Matched : 20220802114902667000 

06-08-2023 01:16:51 | INFO  
--------------------------------- Message: ---------------------------------  
File Matched : F:\textapp\directory\File5.txt 

06-08-2023 01:16:51 | INFO  
--------------------------------- Message: ---------------------------------  
files count in search directory : 22

06-08-2023 01:16:51 | INFO  
--------------------------------- Message: ---------------------------------  
File Matched : 20220802113315270000 

06-08-2023 01:16:51 | INFO  
--------------------------------- Message: ---------------------------------  
File Matched : F:\textapp\directory\File6.txt 

06-08-2023 01:16:51 | INFO  
--------------------------------- Message: ---------------------------------  
files count in search directory : 22

06-08-2023 01:16:51 | INFO  
--------------------------------- Message: ---------------------------------  
File Matched : 821161370 

06-08-2023 01:16:51 | INFO  
--------------------------------- Message: ---------------------------------  
File Matched : F:\textapp\directory\File7.txt 

06-08-2023 01:16:51 | INFO  
--------------------------------- Message: ---------------------------------  
files count in search directory : 22

06-08-2023 01:16:51 | INFO  
--------------------------------- Message: ---------------------------------  
files count in search directory : 22

06-08-2023 01:16:51 | INFO  
--------------------------------- Message: ---------------------------------  
File Matched : 568389382670 

06-08-2023 01:16:51 | INFO  
--------------------------------- Message: ---------------------------------  
File Matched : F:\textapp\directory\File9.txt 

06-08-2023 01:16:51 | INFO  
--------------------------------- Message: ---------------------------------  
files count in search directory : 22

06-08-2023 01:16:51 | INFO  
--------------------------------- Message: ---------------------------------  
File Matched : 547270249988 

06-08-2023 01:16:51 | INFO  
--------------------------------- Message: ---------------------------------  
File Matched : F:\textapp\directory\File10.txt 

06-08-2023 01:16:51 | INFO  
--------------------------------- Message: ---------------------------------  
files count in search directory : 22

06-08-2023 01:16:51 | INFO  
--------------------------------- Message: ---------------------------------  
File Matched : 540418412498 

06-08-2023 01:16:51 | INFO  
--------------------------------- Message: ---------------------------------  
File Matched : F:\textapp\directory\File11.txt 

06-08-2023 01:16:51 | INFO  
--------------------------------- Message: ---------------------------------  
files count in search directory : 22

06-08-2023 01:16:51 | INFO  
--------------------------------- Message: ---------------------------------  
File Matched : 21026 

06-08-2023 01:16:51 | INFO  
--------------------------------- Message: ---------------------------------  
File Matched : F:\textapp\directory\file12.txt 

06-08-2023 01:16:51 | INFO  
--------------------------------- Message: ---------------------------------  
files count in search directory : 22

06-08-2023 01:16:51 | INFO  
--------------------------------- Message: ---------------------------------  
File Matched : 21027 

06-08-2023 01:16:51 | INFO  
--------------------------------- Message: ---------------------------------  
File Matched : F:\textapp\directory\file13.txt 

06-08-2023 01:16:51 | INFO  
--------------------------------- Message: ---------------------------------  
files count in search directory : 22

06-08-2023 01:16:51 | INFO  
--------------------------------- Message: ---------------------------------  
files count in search directory : 22

06-08-2023 01:16:51 | INFO  
--------------------------------- Message: ---------------------------------  
files count in search directory : 22

06-08-2023 01:16:51 | INFO  
--------------------------------- Message: ---------------------------------  
files count in search directory : 22

06-08-2023 01:16:51 | INFO  
--------------------------------- Message: ---------------------------------  
files count in search directory : 22

06-08-2023 01:16:51 | INFO  
--------------------------------- Message: ---------------------------------  
files count in search directory : 22

06-08-2023 01:16:51 | INFO  
--------------------------------- Message: ---------------------------------  
files count in search directory : 22

06-08-2023 01:16:51 | INFO  
--------------------------------- Message: ---------------------------------  
files count in search directory : 22

06-08-2023 01:16:51 | INFO  
--------------------------------- Message: ---------------------------------  
File Matched : 489699582815 

06-08-2023 01:16:51 | INFO  
--------------------------------- Message: ---------------------------------  
File Matched : F:\textapp\directory\file19.txt 

06-08-2023 01:16:51 | INFO  
--------------------------------- Message: ---------------------------------  
files count in search directory : 22

06-08-2023 01:16:51 | INFO  
--------------------------------- Message: ---------------------------------  
files count in search directory : 22

06-08-2023 01:16:51 | INFO  
--------------------------------- Message: ---------------------------------  
File Matched : 18962 

06-08-2023 01:16:51 | INFO  
--------------------------------- Message: ---------------------------------  
File Matched : F:\textapp\directory\file20.txt 

06-08-2023 01:16:51 | INFO  
--------------------------------- Message: ---------------------------------  
files count in search directory : 22

06-08-2023 01:16:51 | INFO  
--------------------------------- Message: ---------------------------------  
files count in search directory : 22

06-08-2023 01:16:51 | INFO  
--------------------------------- Message: ---------------------------------  
files count in search directory : 22

06-08-2023 01:16:51 | INFO  
--------------------------------- Message: ---------------------------------  
files count in search directory : 22

06-08-2023 01:16:51 | INFO  
--------------------------------- Message: ---------------------------------  
files count in search directory : 22

06-08-2023 01:16:51 | INFO  
--------------------------------- Message: ---------------------------------  
files count in search directory : 22

06-08-2023 01:16:51 | INFO  
--------------------------------- Message: ---------------------------------  
files count in search directory : 22

06-08-2023 01:16:51 | INFO  
--------------------------------- Message: ---------------------------------  
files count in search directory : 22

06-08-2023 01:16:51 | INFO  
--------------------------------- Message: ---------------------------------  
files count in search directory : 22

06-08-2023 01:16:51 | INFO  
--------------------------------- Message: ---------------------------------  
files count in search directory : 22

06-08-2023 01:16:51 | INFO  
--------------------------------- Message: ---------------------------------  
files count in search directory : 22

06-08-2023 01:16:51 | INFO  
--------------------------------- Message: ---------------------------------  
File Matched : 481421350263 

06-08-2023 01:16:51 | INFO  
--------------------------------- Message: ---------------------------------  
File Matched : F:\textapp\directory\file18.txt 

06-08-2023 01:16:51 | INFO  
--------------------------------- Message: ---------------------------------  
files count in search directory : 22

06-08-2023 01:16:51 | INFO  
--------------------------------- Message: ---------------------------------  
files count in search directory : 22

06-08-2023 01:16:51 | INFO  
--------------------------------- Message: ---------------------------------  
File Matched : hc822949531 

06-08-2023 01:16:51 | INFO  
--------------------------------- Message: ---------------------------------  
File Matched : F:\textapp\directory\file21.txt 

06-08-2023 01:16:51 | INFO  
--------------------------------- Message: ---------------------------------  
Total matched : 20 files .

06-08-2023 01:16:51 | INFO  
--------------------------------- Message: ---------------------------------  
Matching files have been copied.

06-08-2023 01:17:19 | INFO  
--------------------------------- Message: ---------------------------------  
user upload file

06-08-2023 01:17:45 | INFO  
--------------------------------- Message: ---------------------------------  
-------------Search Parameter ---------------

06-08-2023 01:17:45 | INFO  
--------------------------------- Message: ---------------------------------  
From Date : System.Windows.Forms.DateTimePicker, Value: 01-Aug-23 1:17:15 AM 

06-08-2023 01:17:45 | INFO  
--------------------------------- Message: ---------------------------------  
To Date : System.Windows.Forms.DateTimePicker, Value: 06-Aug-23 12:00:00 AM 

06-08-2023 01:17:45 | INFO  
--------------------------------- Message: ---------------------------------  
 

06-08-2023 01:17:45 | INFO  
--------------------------------- Message: ---------------------------------  
-------------Search Parameter ---------------

06-08-2023 01:17:45 | INFO  
--------------------------------- Message: ---------------------------------  
files count in search directory : 22

06-08-2023 01:17:45 | INFO  
--------------------------------- Message: ---------------------------------  
File Matched : 74894 

06-08-2023 01:17:45 | INFO  
--------------------------------- Message: ---------------------------------  
File Matched : F:\textapp\directory\File1.txt 

06-08-2023 01:17:45 | INFO  
--------------------------------- Message: ---------------------------------  
File Matched : 74894 

06-08-2023 01:17:45 | INFO  
--------------------------------- Message: ---------------------------------  
File Matched : F:\textapp\directory\File15.txt 

06-08-2023 01:17:45 | INFO  
--------------------------------- Message: ---------------------------------  
File Matched : 74894 

06-08-2023 01:17:45 | INFO  
--------------------------------- Message: ---------------------------------  
File Matched : F:\textapp\directory\file16.txt 

06-08-2023 01:17:45 | INFO  
--------------------------------- Message: ---------------------------------  
File Matched : 74894 

06-08-2023 01:17:45 | INFO  
--------------------------------- Message: ---------------------------------  
File Matched : F:\textapp\directory\file17.txt 

06-08-2023 01:17:45 | INFO  
--------------------------------- Message: ---------------------------------  
files count in search directory : 22

06-08-2023 01:17:45 | INFO  
--------------------------------- Message: ---------------------------------  
File Matched : 8211591870 

06-08-2023 01:17:45 | INFO  
--------------------------------- Message: ---------------------------------  
File Matched : F:\textapp\directory\file14.txt 

06-08-2023 01:17:45 | INFO  
--------------------------------- Message: ---------------------------------  
File Matched : 8211591870 

06-08-2023 01:17:45 | INFO  
--------------------------------- Message: ---------------------------------  
File Matched : F:\textapp\directory\File2.txt 

06-08-2023 01:17:45 | INFO  
--------------------------------- Message: ---------------------------------  
files count in search directory : 22

06-08-2023 01:17:45 | INFO  
--------------------------------- Message: ---------------------------------  
files count in search directory : 22

06-08-2023 01:17:45 | INFO  
--------------------------------- Message: ---------------------------------  
File Matched : 564768544826 

06-08-2023 01:17:45 | INFO  
--------------------------------- Message: ---------------------------------  
File Matched : F:\textapp\directory\File3.txt 

06-08-2023 01:17:45 | INFO  
--------------------------------- Message: ---------------------------------  
files count in search directory : 22

06-08-2023 01:17:45 | INFO  
--------------------------------- Message: ---------------------------------  
File Matched : 20220802114907620000 

06-08-2023 01:17:45 | INFO  
--------------------------------- Message: ---------------------------------  
File Matched : F:\textapp\directory\File4.txt 

06-08-2023 01:17:45 | INFO  
--------------------------------- Message: ---------------------------------  
files count in search directory : 22

06-08-2023 01:17:45 | INFO  
--------------------------------- Message: ---------------------------------  
File Matched : 20220802114902667000 

06-08-2023 01:17:45 | INFO  
--------------------------------- Message: ---------------------------------  
File Matched : F:\textapp\directory\File5.txt 

06-08-2023 01:17:45 | INFO  
--------------------------------- Message: ---------------------------------  
files count in search directory : 22

06-08-2023 01:17:45 | INFO  
--------------------------------- Message: ---------------------------------  
File Matched : 20220802113315270000 

06-08-2023 01:17:45 | INFO  
--------------------------------- Message: ---------------------------------  
File Matched : F:\textapp\directory\File6.txt 

06-08-2023 01:17:45 | INFO  
--------------------------------- Message: ---------------------------------  
files count in search directory : 22

06-08-2023 01:17:45 | INFO  
--------------------------------- Message: ---------------------------------  
File Matched : 821161370 

06-08-2023 01:17:45 | INFO  
--------------------------------- Message: ---------------------------------  
File Matched : F:\textapp\directory\File7.txt 

06-08-2023 01:17:45 | INFO  
--------------------------------- Message: ---------------------------------  
files count in search directory : 22

06-08-2023 01:17:45 | INFO  
--------------------------------- Message: ---------------------------------  
files count in search directory : 22

06-08-2023 01:17:45 | INFO  
--------------------------------- Message: ---------------------------------  
File Matched : 568389382670 

06-08-2023 01:17:45 | INFO  
--------------------------------- Message: ---------------------------------  
File Matched : F:\textapp\directory\File9.txt 

06-08-2023 01:17:45 | INFO  
--------------------------------- Message: ---------------------------------  
files count in search directory : 22

06-08-2023 01:17:45 | INFO  
--------------------------------- Message: ---------------------------------  
File Matched : 547270249988 

06-08-2023 01:17:45 | INFO  
--------------------------------- Message: ---------------------------------  
File Matched : F:\textapp\directory\File10.txt 

06-08-2023 01:17:45 | INFO  
--------------------------------- Message: ---------------------------------  
files count in search directory : 22

06-08-2023 01:17:45 | INFO  
--------------------------------- Message: ---------------------------------  
File Matched : 540418412498 

06-08-2023 01:17:45 | INFO  
--------------------------------- Message: ---------------------------------  
File Matched : F:\textapp\directory\File11.txt 

06-08-2023 01:17:45 | INFO  
--------------------------------- Message: ---------------------------------  
files count in search directory : 22

06-08-2023 01:17:45 | INFO  
--------------------------------- Message: ---------------------------------  
File Matched : 21026 

06-08-2023 01:17:45 | INFO  
--------------------------------- Message: ---------------------------------  
File Matched : F:\textapp\directory\file12.txt 

06-08-2023 01:17:45 | INFO  
--------------------------------- Message: ---------------------------------  
files count in search directory : 22

06-08-2023 01:17:45 | INFO  
--------------------------------- Message: ---------------------------------  
File Matched : 21027 

06-08-2023 01:17:45 | INFO  
--------------------------------- Message: ---------------------------------  
File Matched : F:\textapp\directory\file13.txt 

06-08-2023 01:17:45 | INFO  
--------------------------------- Message: ---------------------------------  
files count in search directory : 22

06-08-2023 01:17:45 | INFO  
--------------------------------- Message: ---------------------------------  
files count in search directory : 22

06-08-2023 01:17:45 | INFO  
--------------------------------- Message: ---------------------------------  
files count in search directory : 22

06-08-2023 01:17:45 | INFO  
--------------------------------- Message: ---------------------------------  
files count in search directory : 22

06-08-2023 01:17:45 | INFO  
--------------------------------- Message: ---------------------------------  
files count in search directory : 22

06-08-2023 01:17:45 | INFO  
--------------------------------- Message: ---------------------------------  
files count in search directory : 22

06-08-2023 01:17:45 | INFO  
--------------------------------- Message: ---------------------------------  
files count in search directory : 22

06-08-2023 01:17:45 | INFO  
--------------------------------- Message: ---------------------------------  
files count in search directory : 22

06-08-2023 01:17:45 | INFO  
--------------------------------- Message: ---------------------------------  
File Matched : 489699582815 

06-08-2023 01:17:45 | INFO  
--------------------------------- Message: ---------------------------------  
File Matched : F:\textapp\directory\file19.txt 

06-08-2023 01:17:45 | INFO  
--------------------------------- Message: ---------------------------------  
files count in search directory : 22

06-08-2023 01:17:45 | INFO  
--------------------------------- Message: ---------------------------------  
files count in search directory : 22

06-08-2023 01:17:45 | INFO  
--------------------------------- Message: ---------------------------------  
File Matched : 18962 

06-08-2023 01:17:45 | INFO  
--------------------------------- Message: ---------------------------------  
File Matched : F:\textapp\directory\file20.txt 

06-08-2023 01:17:45 | INFO  
--------------------------------- Message: ---------------------------------  
files count in search directory : 22

06-08-2023 01:17:45 | INFO  
--------------------------------- Message: ---------------------------------  
files count in search directory : 22

06-08-2023 01:17:45 | INFO  
--------------------------------- Message: ---------------------------------  
files count in search directory : 22

06-08-2023 01:17:45 | INFO  
--------------------------------- Message: ---------------------------------  
files count in search directory : 22

06-08-2023 01:17:45 | INFO  
--------------------------------- Message: ---------------------------------  
files count in search directory : 22

06-08-2023 01:17:45 | INFO  
--------------------------------- Message: ---------------------------------  
files count in search directory : 22

06-08-2023 01:17:45 | INFO  
--------------------------------- Message: ---------------------------------  
files count in search directory : 22

06-08-2023 01:17:45 | INFO  
--------------------------------- Message: ---------------------------------  
files count in search directory : 22

06-08-2023 01:17:45 | INFO  
--------------------------------- Message: ---------------------------------  
files count in search directory : 22

06-08-2023 01:17:45 | INFO  
--------------------------------- Message: ---------------------------------  
files count in search directory : 22

06-08-2023 01:17:45 | INFO  
--------------------------------- Message: ---------------------------------  
files count in search directory : 22

06-08-2023 01:17:45 | INFO  
--------------------------------- Message: ---------------------------------  
File Matched : 481421350263 

06-08-2023 01:17:45 | INFO  
--------------------------------- Message: ---------------------------------  
File Matched : F:\textapp\directory\file18.txt 

06-08-2023 01:17:45 | INFO  
--------------------------------- Message: ---------------------------------  
files count in search directory : 22

06-08-2023 01:17:45 | INFO  
--------------------------------- Message: ---------------------------------  
files count in search directory : 22

06-08-2023 01:17:45 | INFO  
--------------------------------- Message: ---------------------------------  
File Matched : hc822949531 

06-08-2023 01:17:45 | INFO  
--------------------------------- Message: ---------------------------------  
File Matched : F:\textapp\directory\file21.txt 

06-08-2023 01:17:45 | INFO  
--------------------------------- Message: ---------------------------------  
Total matched : 20 files .

06-08-2023 01:17:45 | INFO  
--------------------------------- Message: ---------------------------------  
Matching files have been copied.

06-08-2023 01:18:31 | INFO  
--------------------------------- Message: ---------------------------------  
user upload file

06-08-2023 01:19:00 | INFO  
--------------------------------- Message: ---------------------------------  
-------------Search Parameter ---------------

06-08-2023 01:19:00 | INFO  
--------------------------------- Message: ---------------------------------  
From Date : System.Windows.Forms.DateTimePicker, Value: 01-Aug-23 1:18:27 AM 

06-08-2023 01:19:00 | INFO  
--------------------------------- Message: ---------------------------------  
To Date : System.Windows.Forms.DateTimePicker, Value: 06-Aug-23 12:00:00 AM 

06-08-2023 01:19:00 | INFO  
--------------------------------- Message: ---------------------------------  
 

06-08-2023 01:19:00 | INFO  
--------------------------------- Message: ---------------------------------  
-------------Search Parameter ---------------

06-08-2023 01:19:00 | INFO  
--------------------------------- Message: ---------------------------------  
files count in search directory : 22

06-08-2023 01:19:00 | INFO  
--------------------------------- Message: ---------------------------------  
File Matched : 74894 

06-08-2023 01:19:00 | INFO  
--------------------------------- Message: ---------------------------------  
File Matched : F:\textapp\directory\File1.txt 

06-08-2023 01:19:00 | INFO  
--------------------------------- Message: ---------------------------------  
File Matched : 74894 

06-08-2023 01:19:00 | INFO  
--------------------------------- Message: ---------------------------------  
File Matched : F:\textapp\directory\File15.txt 

06-08-2023 01:19:00 | INFO  
--------------------------------- Message: ---------------------------------  
File Matched : 74894 

06-08-2023 01:19:00 | INFO  
--------------------------------- Message: ---------------------------------  
File Matched : F:\textapp\directory\file16.txt 

06-08-2023 01:19:00 | INFO  
--------------------------------- Message: ---------------------------------  
File Matched : 74894 

06-08-2023 01:19:00 | INFO  
--------------------------------- Message: ---------------------------------  
File Matched : F:\textapp\directory\file17.txt 

06-08-2023 01:19:00 | INFO  
--------------------------------- Message: ---------------------------------  
files count in search directory : 22

06-08-2023 01:19:00 | INFO  
--------------------------------- Message: ---------------------------------  
File Matched : 8211591870 

06-08-2023 01:19:00 | INFO  
--------------------------------- Message: ---------------------------------  
File Matched : F:\textapp\directory\file14.txt 

06-08-2023 01:19:00 | INFO  
--------------------------------- Message: ---------------------------------  
File Matched : 8211591870 

06-08-2023 01:19:00 | INFO  
--------------------------------- Message: ---------------------------------  
File Matched : F:\textapp\directory\File2.txt 

06-08-2023 01:19:00 | INFO  
--------------------------------- Message: ---------------------------------  
files count in search directory : 22

06-08-2023 01:19:00 | INFO  
--------------------------------- Message: ---------------------------------  
files count in search directory : 22

06-08-2023 01:19:00 | INFO  
--------------------------------- Message: ---------------------------------  
File Matched : 564768544826 

06-08-2023 01:19:00 | INFO  
--------------------------------- Message: ---------------------------------  
File Matched : F:\textapp\directory\File3.txt 

06-08-2023 01:19:00 | INFO  
--------------------------------- Message: ---------------------------------  
files count in search directory : 22

06-08-2023 01:19:00 | INFO  
--------------------------------- Message: ---------------------------------  
File Matched : 20220802114907620000 

06-08-2023 01:19:00 | INFO  
--------------------------------- Message: ---------------------------------  
File Matched : F:\textapp\directory\File4.txt 

06-08-2023 01:19:00 | INFO  
--------------------------------- Message: ---------------------------------  
files count in search directory : 22

06-08-2023 01:19:00 | INFO  
--------------------------------- Message: ---------------------------------  
File Matched : 20220802114902667000 

06-08-2023 01:19:00 | INFO  
--------------------------------- Message: ---------------------------------  
File Matched : F:\textapp\directory\File5.txt 

06-08-2023 01:19:00 | INFO  
--------------------------------- Message: ---------------------------------  
files count in search directory : 22

06-08-2023 01:19:00 | INFO  
--------------------------------- Message: ---------------------------------  
File Matched : 20220802113315270000 

06-08-2023 01:19:00 | INFO  
--------------------------------- Message: ---------------------------------  
File Matched : F:\textapp\directory\File6.txt 

06-08-2023 01:19:00 | INFO  
--------------------------------- Message: ---------------------------------  
files count in search directory : 22

06-08-2023 01:19:00 | INFO  
--------------------------------- Message: ---------------------------------  
File Matched : 821161370 

06-08-2023 01:19:00 | INFO  
--------------------------------- Message: ---------------------------------  
File Matched : F:\textapp\directory\File7.txt 

06-08-2023 01:19:00 | INFO  
--------------------------------- Message: ---------------------------------  
files count in search directory : 22

06-08-2023 01:19:00 | INFO  
--------------------------------- Message: ---------------------------------  
files count in search directory : 22

06-08-2023 01:19:00 | INFO  
--------------------------------- Message: ---------------------------------  
File Matched : 568389382670 

06-08-2023 01:19:00 | INFO  
--------------------------------- Message: ---------------------------------  
File Matched : F:\textapp\directory\File9.txt 

06-08-2023 01:19:00 | INFO  
--------------------------------- Message: ---------------------------------  
files count in search directory : 22

06-08-2023 01:19:00 | INFO  
--------------------------------- Message: ---------------------------------  
File Matched : 547270249988 

06-08-2023 01:19:00 | INFO  
--------------------------------- Message: ---------------------------------  
File Matched : F:\textapp\directory\File10.txt 

06-08-2023 01:19:00 | INFO  
--------------------------------- Message: ---------------------------------  
files count in search directory : 22

06-08-2023 01:19:00 | INFO  
--------------------------------- Message: ---------------------------------  
File Matched : 540418412498 

06-08-2023 01:19:00 | INFO  
--------------------------------- Message: ---------------------------------  
File Matched : F:\textapp\directory\File11.txt 

06-08-2023 01:19:00 | INFO  
--------------------------------- Message: ---------------------------------  
files count in search directory : 22

06-08-2023 01:19:00 | INFO  
--------------------------------- Message: ---------------------------------  
File Matched : 21026 

06-08-2023 01:19:00 | INFO  
--------------------------------- Message: ---------------------------------  
File Matched : F:\textapp\directory\file12.txt 

06-08-2023 01:19:00 | INFO  
--------------------------------- Message: ---------------------------------  
files count in search directory : 22

06-08-2023 01:19:00 | INFO  
--------------------------------- Message: ---------------------------------  
File Matched : 21027 

06-08-2023 01:19:00 | INFO  
--------------------------------- Message: ---------------------------------  
File Matched : F:\textapp\directory\file13.txt 

06-08-2023 01:19:00 | INFO  
--------------------------------- Message: ---------------------------------  
files count in search directory : 22

06-08-2023 01:19:00 | INFO  
--------------------------------- Message: ---------------------------------  
files count in search directory : 22

06-08-2023 01:19:00 | INFO  
--------------------------------- Message: ---------------------------------  
files count in search directory : 22

06-08-2023 01:19:00 | INFO  
--------------------------------- Message: ---------------------------------  
files count in search directory : 22

06-08-2023 01:19:00 | INFO  
--------------------------------- Message: ---------------------------------  
files count in search directory : 22

06-08-2023 01:19:00 | INFO  
--------------------------------- Message: ---------------------------------  
files count in search directory : 22

06-08-2023 01:19:00 | INFO  
--------------------------------- Message: ---------------------------------  
files count in search directory : 22

06-08-2023 01:19:00 | INFO  
--------------------------------- Message: ---------------------------------  
files count in search directory : 22

06-08-2023 01:19:00 | INFO  
--------------------------------- Message: ---------------------------------  
File Matched : 489699582815 

06-08-2023 01:19:00 | INFO  
--------------------------------- Message: ---------------------------------  
File Matched : F:\textapp\directory\file19.txt 

06-08-2023 01:19:00 | INFO  
--------------------------------- Message: ---------------------------------  
files count in search directory : 22

06-08-2023 01:19:00 | INFO  
--------------------------------- Message: ---------------------------------  
files count in search directory : 22

06-08-2023 01:19:00 | INFO  
--------------------------------- Message: ---------------------------------  
File Matched : 18962 

06-08-2023 01:19:00 | INFO  
--------------------------------- Message: ---------------------------------  
File Matched : F:\textapp\directory\file20.txt 

06-08-2023 01:19:00 | INFO  
--------------------------------- Message: ---------------------------------  
files count in search directory : 22

06-08-2023 01:19:00 | INFO  
--------------------------------- Message: ---------------------------------  
files count in search directory : 22

06-08-2023 01:19:00 | INFO  
--------------------------------- Message: ---------------------------------  
files count in search directory : 22

06-08-2023 01:19:00 | INFO  
--------------------------------- Message: ---------------------------------  
files count in search directory : 22

06-08-2023 01:19:00 | INFO  
--------------------------------- Message: ---------------------------------  
files count in search directory : 22

06-08-2023 01:19:00 | INFO  
--------------------------------- Message: ---------------------------------  
files count in search directory : 22

06-08-2023 01:19:00 | INFO  
--------------------------------- Message: ---------------------------------  
files count in search directory : 22

06-08-2023 01:19:00 | INFO  
--------------------------------- Message: ---------------------------------  
files count in search directory : 22

06-08-2023 01:19:00 | INFO  
--------------------------------- Message: ---------------------------------  
files count in search directory : 22

06-08-2023 01:19:00 | INFO  
--------------------------------- Message: ---------------------------------  
files count in search directory : 22

06-08-2023 01:19:00 | INFO  
--------------------------------- Message: ---------------------------------  
files count in search directory : 22

06-08-2023 01:19:00 | INFO  
--------------------------------- Message: ---------------------------------  
File Matched : 481421350263 

06-08-2023 01:19:00 | INFO  
--------------------------------- Message: ---------------------------------  
File Matched : F:\textapp\directory\file18.txt 

06-08-2023 01:19:00 | INFO  
--------------------------------- Message: ---------------------------------  
files count in search directory : 22

06-08-2023 01:19:00 | INFO  
--------------------------------- Message: ---------------------------------  
files count in search directory : 22

06-08-2023 01:19:00 | INFO  
--------------------------------- Message: ---------------------------------  
File Matched : hc822949531 

06-08-2023 01:19:00 | INFO  
--------------------------------- Message: ---------------------------------  
File Matched : F:\textapp\directory\file21.txt 

06-08-2023 01:19:00 | INFO  
--------------------------------- Message: ---------------------------------  
Total matched : 20 files .

06-08-2023 01:19:01 | INFO  
--------------------------------- Message: ---------------------------------  
Matching files have been copied.

