03-08-2023 04:41:58 | INFO  
--------------------------------- Message: ---------------------------------  
user upload file

03-08-2023 04:42:49 | INFO  
--------------------------------- Message: ---------------------------------  
-------------Search Parameter ---------------

03-08-2023 04:42:49 | INFO  
--------------------------------- Message: ---------------------------------  
From Date : System.Windows.Forms.DateTimePicker, Value: 01/07/2023 4:41:49 pm 

03-08-2023 04:42:49 | INFO  
--------------------------------- Message: ---------------------------------  
To Date : System.Windows.Forms.DateTimePicker, Value: 27/07/2023 12:00:00 am 

03-08-2023 04:42:49 | INFO  
--------------------------------- Message: ---------------------------------  
 

03-08-2023 04:42:49 | INFO  
--------------------------------- Message: ---------------------------------  
-------------Search Parameter ---------------

03-08-2023 04:43:11 | INFO  
--------------------------------- Message: ---------------------------------  
files count in search directory : 15

03-08-2023 04:43:11 | INFO  
--------------------------------- Message: ---------------------------------  
File Matched : hC24522144 

03-08-2023 04:43:11 | INFO  
--------------------------------- Message: ---------------------------------  
File Matched : D:\F3_Technology\TESTAPP\Directory\abc.txt 

03-08-2023 04:43:11 | INFO  
--------------------------------- Message: ---------------------------------  
File Matched : hC24522144 

03-08-2023 04:43:11 | INFO  
--------------------------------- Message: ---------------------------------  
File Matched : D:\F3_Technology\TESTAPP\Directory\abc1.txt 

03-08-2023 04:43:11 | INFO  
--------------------------------- Message: ---------------------------------  
File Matched : hC24522144 

03-08-2023 04:43:11 | INFO  
--------------------------------- Message: ---------------------------------  
File Matched : D:\F3_Technology\TESTAPP\Directory\abc8.txt 

03-08-2023 04:43:13 | INFO  
--------------------------------- Message: ---------------------------------  
files count in search directory : 15

03-08-2023 04:43:13 | INFO  
--------------------------------- Message: ---------------------------------  
files count in search directory : 15

03-08-2023 04:43:13 | INFO  
--------------------------------- Message: ---------------------------------  
files count in search directory : 15

03-08-2023 04:43:15 | INFO  
--------------------------------- Message: ---------------------------------  
files count in search directory : 15

03-08-2023 04:43:15 | INFO  
--------------------------------- Message: ---------------------------------  
files count in search directory : 15

03-08-2023 04:43:16 | INFO  
--------------------------------- Message: ---------------------------------  
files count in search directory : 15

03-08-2023 04:43:16 | INFO  
--------------------------------- Message: ---------------------------------  
files count in search directory : 15

03-08-2023 04:43:16 | INFO  
--------------------------------- Message: ---------------------------------  
files count in search directory : 15

03-08-2023 04:43:16 | INFO  
--------------------------------- Message: ---------------------------------  
files count in search directory : 15

03-08-2023 04:43:16 | INFO  
--------------------------------- Message: ---------------------------------  
File Matched : hC24522785 

03-08-2023 04:43:16 | INFO  
--------------------------------- Message: ---------------------------------  
File Matched : D:\F3_Technology\TESTAPP\Directory\abc3.txt 

03-08-2023 04:43:17 | INFO  
--------------------------------- Message: ---------------------------------  
files count in search directory : 15

03-08-2023 04:43:17 | INFO  
--------------------------------- Message: ---------------------------------  
files count in search directory : 15

03-08-2023 04:43:17 | INFO  
--------------------------------- Message: ---------------------------------  
files count in search directory : 15

03-08-2023 04:43:18 | INFO  
--------------------------------- Message: ---------------------------------  
files count in search directory : 15

03-08-2023 04:43:18 | INFO  
--------------------------------- Message: ---------------------------------  
files count in search directory : 15

03-08-2023 04:43:18 | INFO  
--------------------------------- Message: ---------------------------------  
files count in search directory : 15

03-08-2023 04:43:19 | INFO  
--------------------------------- Message: ---------------------------------  
files count in search directory : 15

03-08-2023 04:43:22 | INFO  
--------------------------------- Message: ---------------------------------  
files count in search directory : 15

03-08-2023 04:43:23 | INFO  
--------------------------------- Message: ---------------------------------  
files count in search directory : 15

03-08-2023 04:43:23 | INFO  
--------------------------------- Message: ---------------------------------  
files count in search directory : 15

03-08-2023 04:43:24 | INFO  
--------------------------------- Message: ---------------------------------  
files count in search directory : 15

03-08-2023 04:43:24 | INFO  
--------------------------------- Message: ---------------------------------  
files count in search directory : 15

03-08-2023 04:43:24 | INFO  
--------------------------------- Message: ---------------------------------  
files count in search directory : 15

03-08-2023 04:43:25 | INFO  
--------------------------------- Message: ---------------------------------  
files count in search directory : 15

03-08-2023 04:43:25 | INFO  
--------------------------------- Message: ---------------------------------  
files count in search directory : 15

03-08-2023 04:43:28 | INFO  
--------------------------------- Message: ---------------------------------  
files count in search directory : 15

03-08-2023 04:43:28 | INFO  
--------------------------------- Message: ---------------------------------  
files count in search directory : 15

03-08-2023 04:43:28 | INFO  
--------------------------------- Message: ---------------------------------  
files count in search directory : 15

03-08-2023 04:43:28 | INFO  
--------------------------------- Message: ---------------------------------  
files count in search directory : 15

03-08-2023 04:43:28 | INFO  
--------------------------------- Message: ---------------------------------  
files count in search directory : 15

03-08-2023 04:43:28 | INFO  
--------------------------------- Message: ---------------------------------  
files count in search directory : 15

03-08-2023 04:43:28 | INFO  
--------------------------------- Message: ---------------------------------  
files count in search directory : 15

03-08-2023 04:43:28 | INFO  
--------------------------------- Message: ---------------------------------  
files count in search directory : 15

03-08-2023 04:43:28 | INFO  
--------------------------------- Message: ---------------------------------  
files count in search directory : 15

03-08-2023 04:43:29 | INFO  
--------------------------------- Message: ---------------------------------  
files count in search directory : 15

03-08-2023 04:43:29 | INFO  
--------------------------------- Message: ---------------------------------  
files count in search directory : 15

03-08-2023 04:43:29 | INFO  
--------------------------------- Message: ---------------------------------  
files count in search directory : 15

03-08-2023 04:43:29 | INFO  
--------------------------------- Message: ---------------------------------  
files count in search directory : 15

03-08-2023 04:43:29 | INFO  
--------------------------------- Message: ---------------------------------  
files count in search directory : 15

03-08-2023 04:43:29 | INFO  
--------------------------------- Message: ---------------------------------  
files count in search directory : 15

03-08-2023 04:43:29 | INFO  
--------------------------------- Message: ---------------------------------  
files count in search directory : 15

03-08-2023 04:43:29 | INFO  
--------------------------------- Message: ---------------------------------  
files count in search directory : 15

03-08-2023 04:43:29 | INFO  
--------------------------------- Message: ---------------------------------  
files count in search directory : 15

03-08-2023 04:43:29 | INFO  
--------------------------------- Message: ---------------------------------  
files count in search directory : 15

03-08-2023 04:43:30 | INFO  
--------------------------------- Message: ---------------------------------  
files count in search directory : 15

03-08-2023 04:43:30 | INFO  
--------------------------------- Message: ---------------------------------  
files count in search directory : 15

03-08-2023 04:43:30 | INFO  
--------------------------------- Message: ---------------------------------  
files count in search directory : 15

03-08-2023 04:43:30 | INFO  
--------------------------------- Message: ---------------------------------  
files count in search directory : 15

03-08-2023 04:43:30 | INFO  
--------------------------------- Message: ---------------------------------  
files count in search directory : 15

03-08-2023 04:43:30 | INFO  
--------------------------------- Message: ---------------------------------  
files count in search directory : 15

03-08-2023 04:43:30 | INFO  
--------------------------------- Message: ---------------------------------  
files count in search directory : 15

03-08-2023 04:43:30 | INFO  
--------------------------------- Message: ---------------------------------  
files count in search directory : 15

03-08-2023 04:43:30 | INFO  
--------------------------------- Message: ---------------------------------  
files count in search directory : 15

03-08-2023 04:43:30 | INFO  
--------------------------------- Message: ---------------------------------  
files count in search directory : 15

03-08-2023 04:43:30 | INFO  
--------------------------------- Message: ---------------------------------  
files count in search directory : 15

03-08-2023 04:43:31 | INFO  
--------------------------------- Message: ---------------------------------  
files count in search directory : 15

03-08-2023 04:43:31 | INFO  
--------------------------------- Message: ---------------------------------  
files count in search directory : 15

03-08-2023 04:43:31 | INFO  
--------------------------------- Message: ---------------------------------  
files count in search directory : 15

03-08-2023 04:43:31 | INFO  
--------------------------------- Message: ---------------------------------  
files count in search directory : 15

03-08-2023 04:43:31 | INFO  
--------------------------------- Message: ---------------------------------  
files count in search directory : 15

03-08-2023 04:43:31 | INFO  
--------------------------------- Message: ---------------------------------  
files count in search directory : 15

03-08-2023 04:43:31 | INFO  
--------------------------------- Message: ---------------------------------  
files count in search directory : 15

03-08-2023 04:43:31 | INFO  
--------------------------------- Message: ---------------------------------  
files count in search directory : 15

03-08-2023 04:43:31 | INFO  
--------------------------------- Message: ---------------------------------  
files count in search directory : 15

03-08-2023 04:43:31 | INFO  
--------------------------------- Message: ---------------------------------  
files count in search directory : 15

03-08-2023 04:43:32 | INFO  
--------------------------------- Message: ---------------------------------  
files count in search directory : 15

03-08-2023 04:43:32 | INFO  
--------------------------------- Message: ---------------------------------  
files count in search directory : 15

03-08-2023 04:43:32 | INFO  
--------------------------------- Message: ---------------------------------  
files count in search directory : 15

03-08-2023 04:43:32 | INFO  
--------------------------------- Message: ---------------------------------  
files count in search directory : 15

03-08-2023 04:43:32 | INFO  
--------------------------------- Message: ---------------------------------  
files count in search directory : 15

03-08-2023 04:43:32 | INFO  
--------------------------------- Message: ---------------------------------  
files count in search directory : 15

03-08-2023 04:43:32 | INFO  
--------------------------------- Message: ---------------------------------  
files count in search directory : 15

03-08-2023 04:43:32 | INFO  
--------------------------------- Message: ---------------------------------  
files count in search directory : 15

03-08-2023 04:43:32 | INFO  
--------------------------------- Message: ---------------------------------  
files count in search directory : 15

03-08-2023 04:43:32 | INFO  
--------------------------------- Message: ---------------------------------  
files count in search directory : 15

03-08-2023 04:43:33 | INFO  
--------------------------------- Message: ---------------------------------  
files count in search directory : 15

03-08-2023 04:43:33 | INFO  
--------------------------------- Message: ---------------------------------  
files count in search directory : 15

03-08-2023 04:43:33 | INFO  
--------------------------------- Message: ---------------------------------  
files count in search directory : 15

03-08-2023 04:43:33 | INFO  
--------------------------------- Message: ---------------------------------  
files count in search directory : 15

03-08-2023 04:43:33 | INFO  
--------------------------------- Message: ---------------------------------  
files count in search directory : 15

03-08-2023 04:43:33 | INFO  
--------------------------------- Message: ---------------------------------  
files count in search directory : 15

03-08-2023 04:43:33 | INFO  
--------------------------------- Message: ---------------------------------  
files count in search directory : 15

03-08-2023 04:43:33 | INFO  
--------------------------------- Message: ---------------------------------  
files count in search directory : 15

03-08-2023 04:43:33 | INFO  
--------------------------------- Message: ---------------------------------  
files count in search directory : 15

03-08-2023 04:43:33 | INFO  
--------------------------------- Message: ---------------------------------  
files count in search directory : 15

03-08-2023 04:43:33 | INFO  
--------------------------------- Message: ---------------------------------  
files count in search directory : 15

03-08-2023 04:43:34 | INFO  
--------------------------------- Message: ---------------------------------  
files count in search directory : 15

03-08-2023 04:43:34 | INFO  
--------------------------------- Message: ---------------------------------  
files count in search directory : 15

03-08-2023 04:43:34 | INFO  
--------------------------------- Message: ---------------------------------  
files count in search directory : 15

03-08-2023 04:43:34 | INFO  
--------------------------------- Message: ---------------------------------  
files count in search directory : 15

03-08-2023 04:43:34 | INFO  
--------------------------------- Message: ---------------------------------  
files count in search directory : 15

03-08-2023 04:43:34 | INFO  
--------------------------------- Message: ---------------------------------  
files count in search directory : 15

03-08-2023 04:43:34 | INFO  
--------------------------------- Message: ---------------------------------  
files count in search directory : 15

03-08-2023 04:43:34 | INFO  
--------------------------------- Message: ---------------------------------  
files count in search directory : 15

03-08-2023 04:43:34 | INFO  
--------------------------------- Message: ---------------------------------  
files count in search directory : 15

03-08-2023 04:43:34 | INFO  
--------------------------------- Message: ---------------------------------  
files count in search directory : 15

03-08-2023 04:43:35 | INFO  
--------------------------------- Message: ---------------------------------  
files count in search directory : 15

03-08-2023 04:43:35 | INFO  
--------------------------------- Message: ---------------------------------  
files count in search directory : 15

03-08-2023 04:43:35 | INFO  
--------------------------------- Message: ---------------------------------  
files count in search directory : 15

03-08-2023 04:43:35 | INFO  
--------------------------------- Message: ---------------------------------  
files count in search directory : 15

03-08-2023 04:43:35 | INFO  
--------------------------------- Message: ---------------------------------  
files count in search directory : 15

03-08-2023 04:43:35 | INFO  
--------------------------------- Message: ---------------------------------  
files count in search directory : 15

03-08-2023 04:43:35 | INFO  
--------------------------------- Message: ---------------------------------  
files count in search directory : 15

03-08-2023 04:43:35 | INFO  
--------------------------------- Message: ---------------------------------  
files count in search directory : 15

03-08-2023 04:43:35 | INFO  
--------------------------------- Message: ---------------------------------  
files count in search directory : 15

03-08-2023 04:43:35 | INFO  
--------------------------------- Message: ---------------------------------  
files count in search directory : 15

03-08-2023 04:43:36 | INFO  
--------------------------------- Message: ---------------------------------  
files count in search directory : 15

03-08-2023 04:43:36 | INFO  
--------------------------------- Message: ---------------------------------  
files count in search directory : 15

03-08-2023 04:43:36 | INFO  
--------------------------------- Message: ---------------------------------  
files count in search directory : 15

03-08-2023 04:43:36 | INFO  
--------------------------------- Message: ---------------------------------  
files count in search directory : 15

03-08-2023 04:43:36 | INFO  
--------------------------------- Message: ---------------------------------  
files count in search directory : 15

03-08-2023 04:43:36 | INFO  
--------------------------------- Message: ---------------------------------  
files count in search directory : 15

03-08-2023 04:43:36 | INFO  
--------------------------------- Message: ---------------------------------  
files count in search directory : 15

03-08-2023 04:43:36 | INFO  
--------------------------------- Message: ---------------------------------  
files count in search directory : 15

03-08-2023 04:43:36 | INFO  
--------------------------------- Message: ---------------------------------  
files count in search directory : 15

03-08-2023 04:43:37 | INFO  
--------------------------------- Message: ---------------------------------  
files count in search directory : 15

03-08-2023 04:43:37 | INFO  
--------------------------------- Message: ---------------------------------  
files count in search directory : 15

03-08-2023 04:43:37 | INFO  
--------------------------------- Message: ---------------------------------  
files count in search directory : 15

03-08-2023 04:43:37 | INFO  
--------------------------------- Message: ---------------------------------  
files count in search directory : 15

03-08-2023 04:43:37 | INFO  
--------------------------------- Message: ---------------------------------  
files count in search directory : 15

03-08-2023 04:43:37 | INFO  
--------------------------------- Message: ---------------------------------  
files count in search directory : 15

03-08-2023 04:43:37 | INFO  
--------------------------------- Message: ---------------------------------  
files count in search directory : 15

03-08-2023 04:43:37 | INFO  
--------------------------------- Message: ---------------------------------  
files count in search directory : 15

03-08-2023 04:43:37 | INFO  
--------------------------------- Message: ---------------------------------  
files count in search directory : 15

03-08-2023 04:43:37 | INFO  
--------------------------------- Message: ---------------------------------  
files count in search directory : 15

03-08-2023 04:43:37 | INFO  
--------------------------------- Message: ---------------------------------  
files count in search directory : 15

03-08-2023 04:43:38 | INFO  
--------------------------------- Message: ---------------------------------  
files count in search directory : 15

03-08-2023 04:43:38 | INFO  
--------------------------------- Message: ---------------------------------  
files count in search directory : 15

03-08-2023 04:43:38 | INFO  
--------------------------------- Message: ---------------------------------  
files count in search directory : 15

03-08-2023 04:43:38 | INFO  
--------------------------------- Message: ---------------------------------  
files count in search directory : 15

03-08-2023 04:43:38 | INFO  
--------------------------------- Message: ---------------------------------  
files count in search directory : 15

03-08-2023 04:43:38 | INFO  
--------------------------------- Message: ---------------------------------  
files count in search directory : 15

03-08-2023 04:43:38 | INFO  
--------------------------------- Message: ---------------------------------  
files count in search directory : 15

03-08-2023 04:43:38 | INFO  
--------------------------------- Message: ---------------------------------  
files count in search directory : 15

03-08-2023 04:43:38 | INFO  
--------------------------------- Message: ---------------------------------  
files count in search directory : 15

03-08-2023 04:43:38 | INFO  
--------------------------------- Message: ---------------------------------  
files count in search directory : 15

03-08-2023 04:43:39 | INFO  
--------------------------------- Message: ---------------------------------  
files count in search directory : 15

03-08-2023 04:43:39 | INFO  
--------------------------------- Message: ---------------------------------  
files count in search directory : 15

03-08-2023 04:43:39 | INFO  
--------------------------------- Message: ---------------------------------  
files count in search directory : 15

03-08-2023 04:43:39 | INFO  
--------------------------------- Message: ---------------------------------  
files count in search directory : 15

03-08-2023 04:43:39 | INFO  
--------------------------------- Message: ---------------------------------  
files count in search directory : 15

03-08-2023 04:43:39 | INFO  
--------------------------------- Message: ---------------------------------  
files count in search directory : 15

03-08-2023 04:43:39 | INFO  
--------------------------------- Message: ---------------------------------  
files count in search directory : 15

03-08-2023 04:43:39 | INFO  
--------------------------------- Message: ---------------------------------  
files count in search directory : 15

03-08-2023 04:43:39 | INFO  
--------------------------------- Message: ---------------------------------  
files count in search directory : 15

03-08-2023 04:43:39 | INFO  
--------------------------------- Message: ---------------------------------  
files count in search directory : 15

03-08-2023 04:43:40 | INFO  
--------------------------------- Message: ---------------------------------  
files count in search directory : 15

03-08-2023 04:43:40 | INFO  
--------------------------------- Message: ---------------------------------  
files count in search directory : 15

03-08-2023 04:43:40 | INFO  
--------------------------------- Message: ---------------------------------  
files count in search directory : 15

03-08-2023 04:43:40 | INFO  
--------------------------------- Message: ---------------------------------  
files count in search directory : 15

03-08-2023 04:43:40 | INFO  
--------------------------------- Message: ---------------------------------  
files count in search directory : 15

03-08-2023 04:43:40 | INFO  
--------------------------------- Message: ---------------------------------  
files count in search directory : 15

03-08-2023 04:43:40 | INFO  
--------------------------------- Message: ---------------------------------  
files count in search directory : 15

03-08-2023 04:43:40 | INFO  
--------------------------------- Message: ---------------------------------  
files count in search directory : 15

03-08-2023 04:43:40 | INFO  
--------------------------------- Message: ---------------------------------  
files count in search directory : 15

03-08-2023 04:43:40 | INFO  
--------------------------------- Message: ---------------------------------  
files count in search directory : 15

03-08-2023 04:43:40 | INFO  
--------------------------------- Message: ---------------------------------  
files count in search directory : 15

03-08-2023 04:43:41 | INFO  
--------------------------------- Message: ---------------------------------  
files count in search directory : 15

03-08-2023 04:43:41 | INFO  
--------------------------------- Message: ---------------------------------  
files count in search directory : 15

03-08-2023 04:43:41 | INFO  
--------------------------------- Message: ---------------------------------  
files count in search directory : 15

03-08-2023 04:43:41 | INFO  
--------------------------------- Message: ---------------------------------  
files count in search directory : 15

03-08-2023 04:43:41 | INFO  
--------------------------------- Message: ---------------------------------  
files count in search directory : 15

03-08-2023 04:43:41 | INFO  
--------------------------------- Message: ---------------------------------  
files count in search directory : 15

03-08-2023 04:43:41 | INFO  
--------------------------------- Message: ---------------------------------  
files count in search directory : 15

03-08-2023 04:43:41 | INFO  
--------------------------------- Message: ---------------------------------  
files count in search directory : 15

03-08-2023 04:43:41 | INFO  
--------------------------------- Message: ---------------------------------  
files count in search directory : 15

03-08-2023 04:43:41 | INFO  
--------------------------------- Message: ---------------------------------  
files count in search directory : 15

03-08-2023 04:43:42 | INFO  
--------------------------------- Message: ---------------------------------  
files count in search directory : 15

03-08-2023 04:43:42 | INFO  
--------------------------------- Message: ---------------------------------  
files count in search directory : 15

03-08-2023 04:43:42 | INFO  
--------------------------------- Message: ---------------------------------  
files count in search directory : 15

03-08-2023 04:43:42 | INFO  
--------------------------------- Message: ---------------------------------  
files count in search directory : 15

03-08-2023 04:43:42 | INFO  
--------------------------------- Message: ---------------------------------  
files count in search directory : 15

03-08-2023 04:43:42 | INFO  
--------------------------------- Message: ---------------------------------  
files count in search directory : 15

03-08-2023 04:43:42 | INFO  
--------------------------------- Message: ---------------------------------  
files count in search directory : 15

03-08-2023 04:43:42 | INFO  
--------------------------------- Message: ---------------------------------  
files count in search directory : 15

03-08-2023 04:43:42 | INFO  
--------------------------------- Message: ---------------------------------  
files count in search directory : 15

03-08-2023 04:43:42 | INFO  
--------------------------------- Message: ---------------------------------  
files count in search directory : 15

03-08-2023 04:43:42 | INFO  
--------------------------------- Message: ---------------------------------  
files count in search directory : 15

03-08-2023 04:43:43 | INFO  
--------------------------------- Message: ---------------------------------  
files count in search directory : 15

03-08-2023 04:43:43 | INFO  
--------------------------------- Message: ---------------------------------  
files count in search directory : 15

03-08-2023 04:43:43 | INFO  
--------------------------------- Message: ---------------------------------  
files count in search directory : 15

03-08-2023 04:43:43 | INFO  
--------------------------------- Message: ---------------------------------  
files count in search directory : 15

03-08-2023 04:43:43 | INFO  
--------------------------------- Message: ---------------------------------  
files count in search directory : 15

03-08-2023 04:43:43 | INFO  
--------------------------------- Message: ---------------------------------  
files count in search directory : 15

03-08-2023 04:43:43 | INFO  
--------------------------------- Message: ---------------------------------  
files count in search directory : 15

03-08-2023 04:43:43 | INFO  
--------------------------------- Message: ---------------------------------  
files count in search directory : 15

03-08-2023 04:43:43 | INFO  
--------------------------------- Message: ---------------------------------  
files count in search directory : 15

03-08-2023 04:43:43 | INFO  
--------------------------------- Message: ---------------------------------  
files count in search directory : 15

03-08-2023 04:43:44 | INFO  
--------------------------------- Message: ---------------------------------  
files count in search directory : 15

03-08-2023 04:43:44 | INFO  
--------------------------------- Message: ---------------------------------  
files count in search directory : 15

03-08-2023 04:43:44 | INFO  
--------------------------------- Message: ---------------------------------  
files count in search directory : 15

03-08-2023 04:43:44 | INFO  
--------------------------------- Message: ---------------------------------  
files count in search directory : 15

03-08-2023 04:43:44 | INFO  
--------------------------------- Message: ---------------------------------  
files count in search directory : 15

03-08-2023 04:43:44 | INFO  
--------------------------------- Message: ---------------------------------  
files count in search directory : 15

03-08-2023 04:43:44 | INFO  
--------------------------------- Message: ---------------------------------  
files count in search directory : 15

03-08-2023 04:43:44 | INFO  
--------------------------------- Message: ---------------------------------  
files count in search directory : 15

03-08-2023 04:43:44 | INFO  
--------------------------------- Message: ---------------------------------  
files count in search directory : 15

03-08-2023 04:43:44 | INFO  
--------------------------------- Message: ---------------------------------  
files count in search directory : 15

03-08-2023 04:43:44 | INFO  
--------------------------------- Message: ---------------------------------  
files count in search directory : 15

03-08-2023 04:43:45 | INFO  
--------------------------------- Message: ---------------------------------  
files count in search directory : 15

03-08-2023 04:43:45 | INFO  
--------------------------------- Message: ---------------------------------  
files count in search directory : 15

03-08-2023 04:43:45 | INFO  
--------------------------------- Message: ---------------------------------  
files count in search directory : 15

03-08-2023 04:43:45 | INFO  
--------------------------------- Message: ---------------------------------  
files count in search directory : 15

03-08-2023 04:43:45 | INFO  
--------------------------------- Message: ---------------------------------  
files count in search directory : 15

03-08-2023 04:43:45 | INFO  
--------------------------------- Message: ---------------------------------  
files count in search directory : 15

03-08-2023 04:43:45 | INFO  
--------------------------------- Message: ---------------------------------  
files count in search directory : 15

03-08-2023 04:43:45 | INFO  
--------------------------------- Message: ---------------------------------  
files count in search directory : 15

03-08-2023 04:43:45 | INFO  
--------------------------------- Message: ---------------------------------  
files count in search directory : 15

03-08-2023 04:43:45 | INFO  
--------------------------------- Message: ---------------------------------  
files count in search directory : 15

03-08-2023 04:43:46 | INFO  
--------------------------------- Message: ---------------------------------  
files count in search directory : 15

03-08-2023 04:43:46 | INFO  
--------------------------------- Message: ---------------------------------  
files count in search directory : 15

03-08-2023 04:43:46 | INFO  
--------------------------------- Message: ---------------------------------  
files count in search directory : 15

03-08-2023 04:43:46 | INFO  
--------------------------------- Message: ---------------------------------  
files count in search directory : 15

03-08-2023 04:43:46 | INFO  
--------------------------------- Message: ---------------------------------  
files count in search directory : 15

03-08-2023 04:43:46 | INFO  
--------------------------------- Message: ---------------------------------  
files count in search directory : 15

03-08-2023 04:43:46 | INFO  
--------------------------------- Message: ---------------------------------  
files count in search directory : 15

03-08-2023 04:43:46 | INFO  
--------------------------------- Message: ---------------------------------  
files count in search directory : 15

03-08-2023 04:43:46 | INFO  
--------------------------------- Message: ---------------------------------  
files count in search directory : 15

03-08-2023 04:43:46 | INFO  
--------------------------------- Message: ---------------------------------  
files count in search directory : 15

03-08-2023 04:43:47 | INFO  
--------------------------------- Message: ---------------------------------  
files count in search directory : 15

03-08-2023 04:43:47 | INFO  
--------------------------------- Message: ---------------------------------  
files count in search directory : 15

03-08-2023 04:43:47 | INFO  
--------------------------------- Message: ---------------------------------  
files count in search directory : 15

03-08-2023 04:43:47 | INFO  
--------------------------------- Message: ---------------------------------  
files count in search directory : 15

03-08-2023 04:43:47 | INFO  
--------------------------------- Message: ---------------------------------  
files count in search directory : 15

03-08-2023 04:43:47 | INFO  
--------------------------------- Message: ---------------------------------  
files count in search directory : 15

03-08-2023 04:43:47 | INFO  
--------------------------------- Message: ---------------------------------  
files count in search directory : 15

03-08-2023 04:43:47 | INFO  
--------------------------------- Message: ---------------------------------  
files count in search directory : 15

03-08-2023 04:43:47 | INFO  
--------------------------------- Message: ---------------------------------  
files count in search directory : 15

03-08-2023 04:43:47 | INFO  
--------------------------------- Message: ---------------------------------  
files count in search directory : 15

03-08-2023 04:43:48 | INFO  
--------------------------------- Message: ---------------------------------  
files count in search directory : 15

03-08-2023 04:43:48 | INFO  
--------------------------------- Message: ---------------------------------  
files count in search directory : 15

03-08-2023 04:43:48 | INFO  
--------------------------------- Message: ---------------------------------  
files count in search directory : 15

03-08-2023 04:43:48 | INFO  
--------------------------------- Message: ---------------------------------  
files count in search directory : 15

03-08-2023 04:43:48 | INFO  
--------------------------------- Message: ---------------------------------  
files count in search directory : 15

03-08-2023 04:43:48 | INFO  
--------------------------------- Message: ---------------------------------  
files count in search directory : 15

03-08-2023 04:43:48 | INFO  
--------------------------------- Message: ---------------------------------  
files count in search directory : 15

03-08-2023 04:43:48 | INFO  
--------------------------------- Message: ---------------------------------  
files count in search directory : 15

03-08-2023 04:43:48 | INFO  
--------------------------------- Message: ---------------------------------  
files count in search directory : 15

03-08-2023 04:43:48 | INFO  
--------------------------------- Message: ---------------------------------  
files count in search directory : 15

03-08-2023 04:43:49 | INFO  
--------------------------------- Message: ---------------------------------  
files count in search directory : 15

03-08-2023 04:43:49 | INFO  
--------------------------------- Message: ---------------------------------  
files count in search directory : 15

03-08-2023 04:43:49 | INFO  
--------------------------------- Message: ---------------------------------  
files count in search directory : 15

03-08-2023 04:43:49 | INFO  
--------------------------------- Message: ---------------------------------  
files count in search directory : 15

03-08-2023 04:43:49 | INFO  
--------------------------------- Message: ---------------------------------  
files count in search directory : 15

03-08-2023 04:43:49 | INFO  
--------------------------------- Message: ---------------------------------  
files count in search directory : 15

03-08-2023 04:43:49 | INFO  
--------------------------------- Message: ---------------------------------  
files count in search directory : 15

03-08-2023 04:43:49 | INFO  
--------------------------------- Message: ---------------------------------  
files count in search directory : 15

03-08-2023 04:43:49 | INFO  
--------------------------------- Message: ---------------------------------  
files count in search directory : 15

03-08-2023 04:43:49 | INFO  
--------------------------------- Message: ---------------------------------  
files count in search directory : 15

03-08-2023 04:43:50 | INFO  
--------------------------------- Message: ---------------------------------  
files count in search directory : 15

03-08-2023 04:43:50 | INFO  
--------------------------------- Message: ---------------------------------  
files count in search directory : 15

03-08-2023 04:43:50 | INFO  
--------------------------------- Message: ---------------------------------  
files count in search directory : 15

03-08-2023 04:43:50 | INFO  
--------------------------------- Message: ---------------------------------  
files count in search directory : 15

03-08-2023 04:43:50 | INFO  
--------------------------------- Message: ---------------------------------  
files count in search directory : 15

03-08-2023 04:43:50 | INFO  
--------------------------------- Message: ---------------------------------  
files count in search directory : 15

03-08-2023 04:43:50 | INFO  
--------------------------------- Message: ---------------------------------  
files count in search directory : 15

03-08-2023 04:43:50 | INFO  
--------------------------------- Message: ---------------------------------  
files count in search directory : 15

03-08-2023 04:43:50 | INFO  
--------------------------------- Message: ---------------------------------  
files count in search directory : 15

03-08-2023 04:43:50 | INFO  
--------------------------------- Message: ---------------------------------  
files count in search directory : 15

03-08-2023 04:43:51 | INFO  
--------------------------------- Message: ---------------------------------  
files count in search directory : 15

03-08-2023 04:43:51 | INFO  
--------------------------------- Message: ---------------------------------  
files count in search directory : 15

03-08-2023 04:43:51 | INFO  
--------------------------------- Message: ---------------------------------  
files count in search directory : 15

03-08-2023 04:43:51 | INFO  
--------------------------------- Message: ---------------------------------  
files count in search directory : 15

03-08-2023 04:43:51 | INFO  
--------------------------------- Message: ---------------------------------  
files count in search directory : 15

03-08-2023 04:43:51 | INFO  
--------------------------------- Message: ---------------------------------  
files count in search directory : 15

03-08-2023 04:43:51 | INFO  
--------------------------------- Message: ---------------------------------  
files count in search directory : 15

03-08-2023 04:43:51 | INFO  
--------------------------------- Message: ---------------------------------  
files count in search directory : 15

03-08-2023 04:43:51 | INFO  
--------------------------------- Message: ---------------------------------  
files count in search directory : 15

03-08-2023 04:43:51 | INFO  
--------------------------------- Message: ---------------------------------  
files count in search directory : 15

03-08-2023 04:43:51 | INFO  
--------------------------------- Message: ---------------------------------  
files count in search directory : 15

03-08-2023 04:43:52 | INFO  
--------------------------------- Message: ---------------------------------  
files count in search directory : 15

03-08-2023 04:43:52 | INFO  
--------------------------------- Message: ---------------------------------  
files count in search directory : 15

03-08-2023 04:43:52 | INFO  
--------------------------------- Message: ---------------------------------  
files count in search directory : 15

03-08-2023 04:43:52 | INFO  
--------------------------------- Message: ---------------------------------  
files count in search directory : 15

03-08-2023 04:43:52 | INFO  
--------------------------------- Message: ---------------------------------  
files count in search directory : 15

03-08-2023 04:43:52 | INFO  
--------------------------------- Message: ---------------------------------  
files count in search directory : 15

03-08-2023 04:43:52 | INFO  
--------------------------------- Message: ---------------------------------  
files count in search directory : 15

03-08-2023 04:43:52 | INFO  
--------------------------------- Message: ---------------------------------  
files count in search directory : 15

03-08-2023 04:43:52 | INFO  
--------------------------------- Message: ---------------------------------  
files count in search directory : 15

03-08-2023 04:43:52 | INFO  
--------------------------------- Message: ---------------------------------  
files count in search directory : 15

03-08-2023 04:43:53 | INFO  
--------------------------------- Message: ---------------------------------  
files count in search directory : 15

03-08-2023 04:43:53 | INFO  
--------------------------------- Message: ---------------------------------  
files count in search directory : 15

03-08-2023 04:43:53 | INFO  
--------------------------------- Message: ---------------------------------  
files count in search directory : 15

03-08-2023 04:43:53 | INFO  
--------------------------------- Message: ---------------------------------  
files count in search directory : 15

03-08-2023 04:43:53 | INFO  
--------------------------------- Message: ---------------------------------  
files count in search directory : 15

03-08-2023 04:43:53 | INFO  
--------------------------------- Message: ---------------------------------  
files count in search directory : 15

03-08-2023 04:43:53 | INFO  
--------------------------------- Message: ---------------------------------  
files count in search directory : 15

03-08-2023 04:43:53 | INFO  
--------------------------------- Message: ---------------------------------  
files count in search directory : 15

03-08-2023 04:43:53 | INFO  
--------------------------------- Message: ---------------------------------  
files count in search directory : 15

03-08-2023 04:43:53 | INFO  
--------------------------------- Message: ---------------------------------  
files count in search directory : 15

03-08-2023 04:43:54 | INFO  
--------------------------------- Message: ---------------------------------  
files count in search directory : 15

03-08-2023 04:43:54 | INFO  
--------------------------------- Message: ---------------------------------  
files count in search directory : 15

03-08-2023 04:43:54 | INFO  
--------------------------------- Message: ---------------------------------  
files count in search directory : 15

03-08-2023 04:43:54 | INFO  
--------------------------------- Message: ---------------------------------  
files count in search directory : 15

03-08-2023 04:43:54 | INFO  
--------------------------------- Message: ---------------------------------  
files count in search directory : 15

03-08-2023 04:43:54 | INFO  
--------------------------------- Message: ---------------------------------  
files count in search directory : 15

03-08-2023 04:43:54 | INFO  
--------------------------------- Message: ---------------------------------  
files count in search directory : 15

03-08-2023 04:43:54 | INFO  
--------------------------------- Message: ---------------------------------  
files count in search directory : 15

03-08-2023 04:43:54 | INFO  
--------------------------------- Message: ---------------------------------  
files count in search directory : 15

03-08-2023 04:43:54 | INFO  
--------------------------------- Message: ---------------------------------  
files count in search directory : 15

03-08-2023 04:43:55 | INFO  
--------------------------------- Message: ---------------------------------  
files count in search directory : 15

03-08-2023 04:43:55 | INFO  
--------------------------------- Message: ---------------------------------  
files count in search directory : 15

03-08-2023 04:43:55 | INFO  
--------------------------------- Message: ---------------------------------  
files count in search directory : 15

03-08-2023 04:43:55 | INFO  
--------------------------------- Message: ---------------------------------  
files count in search directory : 15

03-08-2023 04:43:55 | INFO  
--------------------------------- Message: ---------------------------------  
files count in search directory : 15

03-08-2023 04:43:55 | INFO  
--------------------------------- Message: ---------------------------------  
files count in search directory : 15

03-08-2023 04:43:55 | INFO  
--------------------------------- Message: ---------------------------------  
files count in search directory : 15

03-08-2023 04:43:55 | INFO  
--------------------------------- Message: ---------------------------------  
files count in search directory : 15

03-08-2023 04:43:55 | INFO  
--------------------------------- Message: ---------------------------------  
files count in search directory : 15

03-08-2023 04:43:55 | INFO  
--------------------------------- Message: ---------------------------------  
files count in search directory : 15

03-08-2023 04:43:55 | INFO  
--------------------------------- Message: ---------------------------------  
files count in search directory : 15

03-08-2023 04:43:56 | INFO  
--------------------------------- Message: ---------------------------------  
files count in search directory : 15

03-08-2023 04:43:56 | INFO  
--------------------------------- Message: ---------------------------------  
files count in search directory : 15

03-08-2023 04:43:56 | INFO  
--------------------------------- Message: ---------------------------------  
files count in search directory : 15

03-08-2023 04:43:56 | INFO  
--------------------------------- Message: ---------------------------------  
files count in search directory : 15

03-08-2023 04:43:56 | INFO  
--------------------------------- Message: ---------------------------------  
files count in search directory : 15

03-08-2023 04:43:56 | INFO  
--------------------------------- Message: ---------------------------------  
files count in search directory : 15

03-08-2023 04:43:56 | INFO  
--------------------------------- Message: ---------------------------------  
files count in search directory : 15

03-08-2023 04:43:56 | INFO  
--------------------------------- Message: ---------------------------------  
files count in search directory : 15

03-08-2023 04:43:56 | INFO  
--------------------------------- Message: ---------------------------------  
files count in search directory : 15

03-08-2023 04:43:56 | INFO  
--------------------------------- Message: ---------------------------------  
files count in search directory : 15

03-08-2023 04:43:57 | INFO  
--------------------------------- Message: ---------------------------------  
files count in search directory : 15

03-08-2023 04:43:57 | INFO  
--------------------------------- Message: ---------------------------------  
files count in search directory : 15

03-08-2023 04:43:57 | INFO  
--------------------------------- Message: ---------------------------------  
files count in search directory : 15

03-08-2023 04:43:57 | INFO  
--------------------------------- Message: ---------------------------------  
files count in search directory : 15

03-08-2023 04:43:57 | INFO  
--------------------------------- Message: ---------------------------------  
files count in search directory : 15

03-08-2023 04:43:57 | INFO  
--------------------------------- Message: ---------------------------------  
files count in search directory : 15

03-08-2023 04:43:57 | INFO  
--------------------------------- Message: ---------------------------------  
files count in search directory : 15

03-08-2023 04:43:57 | INFO  
--------------------------------- Message: ---------------------------------  
files count in search directory : 15

03-08-2023 04:43:57 | INFO  
--------------------------------- Message: ---------------------------------  
files count in search directory : 15

03-08-2023 04:43:57 | INFO  
--------------------------------- Message: ---------------------------------  
files count in search directory : 15

03-08-2023 04:43:57 | INFO  
--------------------------------- Message: ---------------------------------  
files count in search directory : 15

03-08-2023 04:43:58 | INFO  
--------------------------------- Message: ---------------------------------  
files count in search directory : 15

03-08-2023 04:43:58 | INFO  
--------------------------------- Message: ---------------------------------  
files count in search directory : 15

03-08-2023 04:43:58 | INFO  
--------------------------------- Message: ---------------------------------  
files count in search directory : 15

03-08-2023 04:43:58 | INFO  
--------------------------------- Message: ---------------------------------  
files count in search directory : 15

03-08-2023 04:43:58 | INFO  
--------------------------------- Message: ---------------------------------  
files count in search directory : 15

03-08-2023 04:43:58 | INFO  
--------------------------------- Message: ---------------------------------  
files count in search directory : 15

03-08-2023 04:43:58 | INFO  
--------------------------------- Message: ---------------------------------  
files count in search directory : 15

03-08-2023 04:43:58 | INFO  
--------------------------------- Message: ---------------------------------  
files count in search directory : 15

03-08-2023 04:43:58 | INFO  
--------------------------------- Message: ---------------------------------  
files count in search directory : 15

03-08-2023 04:43:58 | INFO  
--------------------------------- Message: ---------------------------------  
files count in search directory : 15

03-08-2023 04:43:58 | INFO  
--------------------------------- Message: ---------------------------------  
files count in search directory : 15

03-08-2023 04:43:59 | INFO  
--------------------------------- Message: ---------------------------------  
files count in search directory : 15

03-08-2023 04:43:59 | INFO  
--------------------------------- Message: ---------------------------------  
files count in search directory : 15

03-08-2023 04:43:59 | INFO  
--------------------------------- Message: ---------------------------------  
files count in search directory : 15

03-08-2023 04:43:59 | INFO  
--------------------------------- Message: ---------------------------------  
files count in search directory : 15

03-08-2023 04:43:59 | INFO  
--------------------------------- Message: ---------------------------------  
files count in search directory : 15

03-08-2023 04:43:59 | INFO  
--------------------------------- Message: ---------------------------------  
File Matched : 6031643778 

03-08-2023 04:43:59 | INFO  
--------------------------------- Message: ---------------------------------  
File Matched : D:\F3_Technology\TESTAPP\Directory\abb11.txt 

03-08-2023 04:43:59 | INFO  
--------------------------------- Message: ---------------------------------  
File Matched : 6031643778 

03-08-2023 04:43:59 | INFO  
--------------------------------- Message: ---------------------------------  
File Matched : D:\F3_Technology\TESTAPP\Directory\abb11.txt 

03-08-2023 04:43:59 | INFO  
--------------------------------- Message: ---------------------------------  
File Matched : 6031643778 

03-08-2023 04:43:59 | INFO  
--------------------------------- Message: ---------------------------------  
File Matched : D:\F3_Technology\TESTAPP\Directory\abv11.txt 

03-08-2023 04:43:59 | INFO  
--------------------------------- Message: ---------------------------------  
File Matched : 6031643778 

03-08-2023 04:43:59 | INFO  
--------------------------------- Message: ---------------------------------  
File Matched : D:\F3_Technology\TESTAPP\Directory\abv11.txt 

03-08-2023 04:44:03 | INFO  
--------------------------------- Message: ---------------------------------  
Total matched : 8 files .

03-08-2023 04:44:10 | INFO  
--------------------------------- Message: ---------------------------------  
Matching files have been copied.

