12-08-2023 12:21:11 | INFO  
--------------------------------- Message: ---------------------------------  
user upload file

12-08-2023 12:22:44 | INFO  
--------------------------------- Message: ---------------------------------  
-------------Search Parameter ---------------

12-08-2023 12:22:44 | INFO  
--------------------------------- Message: ---------------------------------  
From Date : System.Windows.Forms.DateTimePicker, Value: 01/07/2023 12:20:49 pm 

12-08-2023 12:22:44 | INFO  
--------------------------------- Message: ---------------------------------  
To Date : System.Windows.Forms.DateTimePicker, Value: 27/07/2023 12:00:00 am 

12-08-2023 12:22:44 | INFO  
--------------------------------- Message: ---------------------------------  
 

12-08-2023 12:22:44 | INFO  
--------------------------------- Message: ---------------------------------  
-------------Search Parameter ---------------

12-08-2023 12:22:44 | INFO  
--------------------------------- Message: ---------------------------------  
files count in search directory : 15

12-08-2023 12:22:44 | INFO  
--------------------------------- Message: ---------------------------------  
File Matched : hC24522144 

12-08-2023 12:22:44 | INFO  
--------------------------------- Message: ---------------------------------  
File Matched : D:\F3_Technology\TESTAPP\Directory\abc.txt 

12-08-2023 12:22:44 | INFO  
--------------------------------- Message: ---------------------------------  
File Matched : hC24522144 

12-08-2023 12:22:45 | INFO  
--------------------------------- Message: ---------------------------------  
File Matched : D:\F3_Technology\TESTAPP\Directory\abc1.txt 

12-08-2023 12:22:45 | INFO  
--------------------------------- Message: ---------------------------------  
File Matched : hC24522144 

12-08-2023 12:22:45 | INFO  
--------------------------------- Message: ---------------------------------  
File Matched : D:\F3_Technology\TESTAPP\Directory\abc8.txt 

12-08-2023 12:22:45 | INFO  
--------------------------------- Message: ---------------------------------  
files count in search directory : 15

12-08-2023 12:22:45 | INFO  
--------------------------------- Message: ---------------------------------  
files count in search directory : 15

12-08-2023 12:22:45 | INFO  
--------------------------------- Message: ---------------------------------  
files count in search directory : 15

12-08-2023 12:22:45 | INFO  
--------------------------------- Message: ---------------------------------  
files count in search directory : 15

12-08-2023 12:22:45 | INFO  
--------------------------------- Message: ---------------------------------  
files count in search directory : 15

12-08-2023 12:22:45 | INFO  
--------------------------------- Message: ---------------------------------  
files count in search directory : 15

12-08-2023 12:22:45 | INFO  
--------------------------------- Message: ---------------------------------  
files count in search directory : 15

12-08-2023 12:22:45 | INFO  
--------------------------------- Message: ---------------------------------  
files count in search directory : 15

12-08-2023 12:22:45 | INFO  
--------------------------------- Message: ---------------------------------  
files count in search directory : 15

12-08-2023 12:22:45 | INFO  
--------------------------------- Message: ---------------------------------  
File Matched : hC24522785 

12-08-2023 12:22:45 | INFO  
--------------------------------- Message: ---------------------------------  
File Matched : D:\F3_Technology\TESTAPP\Directory\abc3.txt 

12-08-2023 12:22:46 | INFO  
--------------------------------- Message: ---------------------------------  
files count in search directory : 15

12-08-2023 12:22:46 | INFO  
--------------------------------- Message: ---------------------------------  
files count in search directory : 15

12-08-2023 12:22:46 | INFO  
--------------------------------- Message: ---------------------------------  
files count in search directory : 15

12-08-2023 12:22:46 | INFO  
--------------------------------- Message: ---------------------------------  
files count in search directory : 15

12-08-2023 12:22:46 | INFO  
--------------------------------- Message: ---------------------------------  
files count in search directory : 15

12-08-2023 12:22:46 | INFO  
--------------------------------- Message: ---------------------------------  
files count in search directory : 15

12-08-2023 12:22:46 | INFO  
--------------------------------- Message: ---------------------------------  
files count in search directory : 15

12-08-2023 12:22:46 | INFO  
--------------------------------- Message: ---------------------------------  
files count in search directory : 15

12-08-2023 12:22:46 | INFO  
--------------------------------- Message: ---------------------------------  
files count in search directory : 15

12-08-2023 12:22:46 | INFO  
--------------------------------- Message: ---------------------------------  
files count in search directory : 15

12-08-2023 12:22:47 | INFO  
--------------------------------- Message: ---------------------------------  
files count in search directory : 15

12-08-2023 12:22:47 | INFO  
--------------------------------- Message: ---------------------------------  
files count in search directory : 15

12-08-2023 12:22:47 | INFO  
--------------------------------- Message: ---------------------------------  
files count in search directory : 15

12-08-2023 12:22:47 | INFO  
--------------------------------- Message: ---------------------------------  
files count in search directory : 15

12-08-2023 12:22:47 | INFO  
--------------------------------- Message: ---------------------------------  
files count in search directory : 15

12-08-2023 12:22:47 | INFO  
--------------------------------- Message: ---------------------------------  
files count in search directory : 15

12-08-2023 12:22:47 | INFO  
--------------------------------- Message: ---------------------------------  
files count in search directory : 15

12-08-2023 12:22:47 | INFO  
--------------------------------- Message: ---------------------------------  
files count in search directory : 15

12-08-2023 12:22:47 | INFO  
--------------------------------- Message: ---------------------------------  
files count in search directory : 15

12-08-2023 12:22:47 | INFO  
--------------------------------- Message: ---------------------------------  
files count in search directory : 15

12-08-2023 12:22:48 | INFO  
--------------------------------- Message: ---------------------------------  
files count in search directory : 15

12-08-2023 12:22:48 | INFO  
--------------------------------- Message: ---------------------------------  
files count in search directory : 15

12-08-2023 12:22:48 | INFO  
--------------------------------- Message: ---------------------------------  
files count in search directory : 15

12-08-2023 12:22:48 | INFO  
--------------------------------- Message: ---------------------------------  
files count in search directory : 15

12-08-2023 12:22:48 | INFO  
--------------------------------- Message: ---------------------------------  
files count in search directory : 15

12-08-2023 12:22:48 | INFO  
--------------------------------- Message: ---------------------------------  
files count in search directory : 15

12-08-2023 12:22:48 | INFO  
--------------------------------- Message: ---------------------------------  
files count in search directory : 15

12-08-2023 12:22:48 | INFO  
--------------------------------- Message: ---------------------------------  
files count in search directory : 15

12-08-2023 12:22:48 | INFO  
--------------------------------- Message: ---------------------------------  
files count in search directory : 15

12-08-2023 12:22:49 | INFO  
--------------------------------- Message: ---------------------------------  
files count in search directory : 15

12-08-2023 12:22:49 | INFO  
--------------------------------- Message: ---------------------------------  
files count in search directory : 15

12-08-2023 12:22:49 | INFO  
--------------------------------- Message: ---------------------------------  
files count in search directory : 15

12-08-2023 12:22:49 | INFO  
--------------------------------- Message: ---------------------------------  
files count in search directory : 15

12-08-2023 12:22:49 | INFO  
--------------------------------- Message: ---------------------------------  
files count in search directory : 15

12-08-2023 12:22:49 | INFO  
--------------------------------- Message: ---------------------------------  
files count in search directory : 15

12-08-2023 12:22:49 | INFO  
--------------------------------- Message: ---------------------------------  
files count in search directory : 15

12-08-2023 12:22:49 | INFO  
--------------------------------- Message: ---------------------------------  
files count in search directory : 15

12-08-2023 12:22:49 | INFO  
--------------------------------- Message: ---------------------------------  
files count in search directory : 15

12-08-2023 12:22:49 | INFO  
--------------------------------- Message: ---------------------------------  
files count in search directory : 15

12-08-2023 12:22:50 | INFO  
--------------------------------- Message: ---------------------------------  
files count in search directory : 15

12-08-2023 12:22:50 | INFO  
--------------------------------- Message: ---------------------------------  
files count in search directory : 15

12-08-2023 12:22:50 | INFO  
--------------------------------- Message: ---------------------------------  
files count in search directory : 15

12-08-2023 12:22:50 | INFO  
--------------------------------- Message: ---------------------------------  
files count in search directory : 15

12-08-2023 12:22:50 | INFO  
--------------------------------- Message: ---------------------------------  
files count in search directory : 15

12-08-2023 12:22:50 | INFO  
--------------------------------- Message: ---------------------------------  
files count in search directory : 15

12-08-2023 12:22:50 | INFO  
--------------------------------- Message: ---------------------------------  
files count in search directory : 15

12-08-2023 12:22:50 | INFO  
--------------------------------- Message: ---------------------------------  
files count in search directory : 15

12-08-2023 12:22:50 | INFO  
--------------------------------- Message: ---------------------------------  
files count in search directory : 15

12-08-2023 12:22:50 | INFO  
--------------------------------- Message: ---------------------------------  
files count in search directory : 15

12-08-2023 12:22:51 | INFO  
--------------------------------- Message: ---------------------------------  
files count in search directory : 15

12-08-2023 12:22:51 | INFO  
--------------------------------- Message: ---------------------------------  
files count in search directory : 15

12-08-2023 12:22:51 | INFO  
--------------------------------- Message: ---------------------------------  
files count in search directory : 15

12-08-2023 12:22:51 | INFO  
--------------------------------- Message: ---------------------------------  
files count in search directory : 15

12-08-2023 12:22:51 | INFO  
--------------------------------- Message: ---------------------------------  
files count in search directory : 15

12-08-2023 12:22:51 | INFO  
--------------------------------- Message: ---------------------------------  
files count in search directory : 15

12-08-2023 12:22:51 | INFO  
--------------------------------- Message: ---------------------------------  
files count in search directory : 15

12-08-2023 12:22:51 | INFO  
--------------------------------- Message: ---------------------------------  
files count in search directory : 15

12-08-2023 12:22:51 | INFO  
--------------------------------- Message: ---------------------------------  
files count in search directory : 15

12-08-2023 12:22:52 | INFO  
--------------------------------- Message: ---------------------------------  
files count in search directory : 15

12-08-2023 12:22:52 | INFO  
--------------------------------- Message: ---------------------------------  
files count in search directory : 15

12-08-2023 12:22:52 | INFO  
--------------------------------- Message: ---------------------------------  
files count in search directory : 15

12-08-2023 12:22:52 | INFO  
--------------------------------- Message: ---------------------------------  
files count in search directory : 15

12-08-2023 12:22:52 | INFO  
--------------------------------- Message: ---------------------------------  
files count in search directory : 15

12-08-2023 12:22:52 | INFO  
--------------------------------- Message: ---------------------------------  
files count in search directory : 15

12-08-2023 12:22:52 | INFO  
--------------------------------- Message: ---------------------------------  
files count in search directory : 15

12-08-2023 12:22:52 | INFO  
--------------------------------- Message: ---------------------------------  
files count in search directory : 15

12-08-2023 12:22:52 | INFO  
--------------------------------- Message: ---------------------------------  
files count in search directory : 15

12-08-2023 12:22:52 | INFO  
--------------------------------- Message: ---------------------------------  
files count in search directory : 15

12-08-2023 12:22:53 | INFO  
--------------------------------- Message: ---------------------------------  
files count in search directory : 15

12-08-2023 12:22:53 | INFO  
--------------------------------- Message: ---------------------------------  
files count in search directory : 15

12-08-2023 12:22:53 | INFO  
--------------------------------- Message: ---------------------------------  
files count in search directory : 15

12-08-2023 12:22:53 | INFO  
--------------------------------- Message: ---------------------------------  
files count in search directory : 15

12-08-2023 12:22:53 | INFO  
--------------------------------- Message: ---------------------------------  
files count in search directory : 15

12-08-2023 12:22:53 | INFO  
--------------------------------- Message: ---------------------------------  
files count in search directory : 15

12-08-2023 12:22:53 | INFO  
--------------------------------- Message: ---------------------------------  
files count in search directory : 15

12-08-2023 12:22:53 | INFO  
--------------------------------- Message: ---------------------------------  
files count in search directory : 15

12-08-2023 12:22:53 | INFO  
--------------------------------- Message: ---------------------------------  
files count in search directory : 15

12-08-2023 12:22:53 | INFO  
--------------------------------- Message: ---------------------------------  
files count in search directory : 15

12-08-2023 12:22:54 | INFO  
--------------------------------- Message: ---------------------------------  
files count in search directory : 15

12-08-2023 12:22:54 | INFO  
--------------------------------- Message: ---------------------------------  
files count in search directory : 15

12-08-2023 12:22:54 | INFO  
--------------------------------- Message: ---------------------------------  
files count in search directory : 15

12-08-2023 12:22:54 | INFO  
--------------------------------- Message: ---------------------------------  
files count in search directory : 15

12-08-2023 12:22:54 | INFO  
--------------------------------- Message: ---------------------------------  
files count in search directory : 15

12-08-2023 12:22:54 | INFO  
--------------------------------- Message: ---------------------------------  
files count in search directory : 15

12-08-2023 12:22:54 | INFO  
--------------------------------- Message: ---------------------------------  
files count in search directory : 15

12-08-2023 12:22:54 | INFO  
--------------------------------- Message: ---------------------------------  
files count in search directory : 15

12-08-2023 12:22:54 | INFO  
--------------------------------- Message: ---------------------------------  
files count in search directory : 15

12-08-2023 12:22:55 | INFO  
--------------------------------- Message: ---------------------------------  
files count in search directory : 15

12-08-2023 12:22:55 | INFO  
--------------------------------- Message: ---------------------------------  
files count in search directory : 15

12-08-2023 12:22:55 | INFO  
--------------------------------- Message: ---------------------------------  
files count in search directory : 15

12-08-2023 12:22:55 | INFO  
--------------------------------- Message: ---------------------------------  
files count in search directory : 15

12-08-2023 12:22:55 | INFO  
--------------------------------- Message: ---------------------------------  
files count in search directory : 15

12-08-2023 12:22:55 | INFO  
--------------------------------- Message: ---------------------------------  
files count in search directory : 15

12-08-2023 12:22:55 | INFO  
--------------------------------- Message: ---------------------------------  
files count in search directory : 15

12-08-2023 12:22:55 | INFO  
--------------------------------- Message: ---------------------------------  
files count in search directory : 15

12-08-2023 12:22:55 | INFO  
--------------------------------- Message: ---------------------------------  
files count in search directory : 15

12-08-2023 12:22:55 | INFO  
--------------------------------- Message: ---------------------------------  
files count in search directory : 15

12-08-2023 12:22:56 | INFO  
--------------------------------- Message: ---------------------------------  
files count in search directory : 15

12-08-2023 12:22:56 | INFO  
--------------------------------- Message: ---------------------------------  
files count in search directory : 15

12-08-2023 12:22:56 | INFO  
--------------------------------- Message: ---------------------------------  
files count in search directory : 15

12-08-2023 12:22:56 | INFO  
--------------------------------- Message: ---------------------------------  
files count in search directory : 15

12-08-2023 12:22:56 | INFO  
--------------------------------- Message: ---------------------------------  
files count in search directory : 15

12-08-2023 12:22:56 | INFO  
--------------------------------- Message: ---------------------------------  
files count in search directory : 15

12-08-2023 12:22:56 | INFO  
--------------------------------- Message: ---------------------------------  
files count in search directory : 15

12-08-2023 12:22:56 | INFO  
--------------------------------- Message: ---------------------------------  
files count in search directory : 15

12-08-2023 12:22:56 | INFO  
--------------------------------- Message: ---------------------------------  
files count in search directory : 15

12-08-2023 12:22:56 | INFO  
--------------------------------- Message: ---------------------------------  
files count in search directory : 15

12-08-2023 12:22:57 | INFO  
--------------------------------- Message: ---------------------------------  
files count in search directory : 15

12-08-2023 12:22:57 | INFO  
--------------------------------- Message: ---------------------------------  
files count in search directory : 15

12-08-2023 12:22:57 | INFO  
--------------------------------- Message: ---------------------------------  
files count in search directory : 15

12-08-2023 12:22:57 | INFO  
--------------------------------- Message: ---------------------------------  
files count in search directory : 15

12-08-2023 12:22:57 | INFO  
--------------------------------- Message: ---------------------------------  
files count in search directory : 15

12-08-2023 12:22:57 | INFO  
--------------------------------- Message: ---------------------------------  
files count in search directory : 15

12-08-2023 12:22:57 | INFO  
--------------------------------- Message: ---------------------------------  
files count in search directory : 15

12-08-2023 12:22:57 | INFO  
--------------------------------- Message: ---------------------------------  
files count in search directory : 15

12-08-2023 12:22:57 | INFO  
--------------------------------- Message: ---------------------------------  
files count in search directory : 15

12-08-2023 12:22:58 | INFO  
--------------------------------- Message: ---------------------------------  
files count in search directory : 15

12-08-2023 12:22:58 | INFO  
--------------------------------- Message: ---------------------------------  
files count in search directory : 15

12-08-2023 12:22:58 | INFO  
--------------------------------- Message: ---------------------------------  
files count in search directory : 15

12-08-2023 12:22:58 | INFO  
--------------------------------- Message: ---------------------------------  
files count in search directory : 15

12-08-2023 12:22:58 | INFO  
--------------------------------- Message: ---------------------------------  
files count in search directory : 15

12-08-2023 12:22:58 | INFO  
--------------------------------- Message: ---------------------------------  
files count in search directory : 15

12-08-2023 12:22:58 | INFO  
--------------------------------- Message: ---------------------------------  
files count in search directory : 15

12-08-2023 12:22:58 | INFO  
--------------------------------- Message: ---------------------------------  
files count in search directory : 15

12-08-2023 12:22:58 | INFO  
--------------------------------- Message: ---------------------------------  
files count in search directory : 15

12-08-2023 12:22:58 | INFO  
--------------------------------- Message: ---------------------------------  
files count in search directory : 15

12-08-2023 12:22:59 | INFO  
--------------------------------- Message: ---------------------------------  
files count in search directory : 15

12-08-2023 12:22:59 | INFO  
--------------------------------- Message: ---------------------------------  
files count in search directory : 15

12-08-2023 12:22:59 | INFO  
--------------------------------- Message: ---------------------------------  
files count in search directory : 15

12-08-2023 12:22:59 | INFO  
--------------------------------- Message: ---------------------------------  
files count in search directory : 15

12-08-2023 12:22:59 | INFO  
--------------------------------- Message: ---------------------------------  
files count in search directory : 15

12-08-2023 12:22:59 | INFO  
--------------------------------- Message: ---------------------------------  
files count in search directory : 15

12-08-2023 12:22:59 | INFO  
--------------------------------- Message: ---------------------------------  
files count in search directory : 15

12-08-2023 12:22:59 | INFO  
--------------------------------- Message: ---------------------------------  
files count in search directory : 15

12-08-2023 12:22:59 | INFO  
--------------------------------- Message: ---------------------------------  
files count in search directory : 15

12-08-2023 12:22:59 | INFO  
--------------------------------- Message: ---------------------------------  
files count in search directory : 15

12-08-2023 12:23:00 | INFO  
--------------------------------- Message: ---------------------------------  
files count in search directory : 15

12-08-2023 12:23:00 | INFO  
--------------------------------- Message: ---------------------------------  
files count in search directory : 15

12-08-2023 12:23:00 | INFO  
--------------------------------- Message: ---------------------------------  
files count in search directory : 15

12-08-2023 12:23:00 | INFO  
--------------------------------- Message: ---------------------------------  
files count in search directory : 15

12-08-2023 12:23:00 | INFO  
--------------------------------- Message: ---------------------------------  
files count in search directory : 15

12-08-2023 12:23:00 | INFO  
--------------------------------- Message: ---------------------------------  
files count in search directory : 15

12-08-2023 12:23:00 | INFO  
--------------------------------- Message: ---------------------------------  
files count in search directory : 15

12-08-2023 12:23:00 | INFO  
--------------------------------- Message: ---------------------------------  
files count in search directory : 15

12-08-2023 12:23:00 | INFO  
--------------------------------- Message: ---------------------------------  
files count in search directory : 15

12-08-2023 12:23:00 | INFO  
--------------------------------- Message: ---------------------------------  
files count in search directory : 15

12-08-2023 12:23:01 | INFO  
--------------------------------- Message: ---------------------------------  
files count in search directory : 15

12-08-2023 12:23:01 | INFO  
--------------------------------- Message: ---------------------------------  
files count in search directory : 15

12-08-2023 12:23:01 | INFO  
--------------------------------- Message: ---------------------------------  
files count in search directory : 15

12-08-2023 12:23:01 | INFO  
--------------------------------- Message: ---------------------------------  
files count in search directory : 15

12-08-2023 12:23:01 | INFO  
--------------------------------- Message: ---------------------------------  
files count in search directory : 15

12-08-2023 12:23:01 | INFO  
--------------------------------- Message: ---------------------------------  
files count in search directory : 15

12-08-2023 12:23:01 | INFO  
--------------------------------- Message: ---------------------------------  
files count in search directory : 15

12-08-2023 12:23:01 | INFO  
--------------------------------- Message: ---------------------------------  
files count in search directory : 15

12-08-2023 12:23:01 | INFO  
--------------------------------- Message: ---------------------------------  
files count in search directory : 15

12-08-2023 12:23:01 | INFO  
--------------------------------- Message: ---------------------------------  
files count in search directory : 15

12-08-2023 12:23:02 | INFO  
--------------------------------- Message: ---------------------------------  
files count in search directory : 15

12-08-2023 12:23:02 | INFO  
--------------------------------- Message: ---------------------------------  
files count in search directory : 15

12-08-2023 12:23:02 | INFO  
--------------------------------- Message: ---------------------------------  
files count in search directory : 15

12-08-2023 12:23:02 | INFO  
--------------------------------- Message: ---------------------------------  
files count in search directory : 15

12-08-2023 12:23:02 | INFO  
--------------------------------- Message: ---------------------------------  
files count in search directory : 15

12-08-2023 12:23:02 | INFO  
--------------------------------- Message: ---------------------------------  
files count in search directory : 15

12-08-2023 12:23:02 | INFO  
--------------------------------- Message: ---------------------------------  
files count in search directory : 15

12-08-2023 12:23:02 | INFO  
--------------------------------- Message: ---------------------------------  
files count in search directory : 15

12-08-2023 12:23:02 | INFO  
--------------------------------- Message: ---------------------------------  
files count in search directory : 15

12-08-2023 12:23:02 | INFO  
--------------------------------- Message: ---------------------------------  
files count in search directory : 15

12-08-2023 12:23:03 | INFO  
--------------------------------- Message: ---------------------------------  
files count in search directory : 15

12-08-2023 12:23:03 | INFO  
--------------------------------- Message: ---------------------------------  
files count in search directory : 15

12-08-2023 12:23:03 | INFO  
--------------------------------- Message: ---------------------------------  
files count in search directory : 15

12-08-2023 12:23:03 | INFO  
--------------------------------- Message: ---------------------------------  
files count in search directory : 15

12-08-2023 12:23:03 | INFO  
--------------------------------- Message: ---------------------------------  
files count in search directory : 15

12-08-2023 12:23:03 | INFO  
--------------------------------- Message: ---------------------------------  
files count in search directory : 15

12-08-2023 12:23:03 | INFO  
--------------------------------- Message: ---------------------------------  
files count in search directory : 15

12-08-2023 12:23:03 | INFO  
--------------------------------- Message: ---------------------------------  
files count in search directory : 15

12-08-2023 12:23:03 | INFO  
--------------------------------- Message: ---------------------------------  
files count in search directory : 15

12-08-2023 12:23:04 | INFO  
--------------------------------- Message: ---------------------------------  
files count in search directory : 15

12-08-2023 12:23:04 | INFO  
--------------------------------- Message: ---------------------------------  
files count in search directory : 15

12-08-2023 12:23:04 | INFO  
--------------------------------- Message: ---------------------------------  
files count in search directory : 15

12-08-2023 12:23:04 | INFO  
--------------------------------- Message: ---------------------------------  
files count in search directory : 15

12-08-2023 12:23:04 | INFO  
--------------------------------- Message: ---------------------------------  
files count in search directory : 15

12-08-2023 12:23:04 | INFO  
--------------------------------- Message: ---------------------------------  
files count in search directory : 15

12-08-2023 12:23:04 | INFO  
--------------------------------- Message: ---------------------------------  
files count in search directory : 15

12-08-2023 12:23:04 | INFO  
--------------------------------- Message: ---------------------------------  
files count in search directory : 15

12-08-2023 12:23:04 | INFO  
--------------------------------- Message: ---------------------------------  
files count in search directory : 15

12-08-2023 12:23:04 | INFO  
--------------------------------- Message: ---------------------------------  
files count in search directory : 15

12-08-2023 12:23:05 | INFO  
--------------------------------- Message: ---------------------------------  
files count in search directory : 15

12-08-2023 12:23:05 | INFO  
--------------------------------- Message: ---------------------------------  
files count in search directory : 15

12-08-2023 12:23:05 | INFO  
--------------------------------- Message: ---------------------------------  
files count in search directory : 15

12-08-2023 12:23:05 | INFO  
--------------------------------- Message: ---------------------------------  
files count in search directory : 15

12-08-2023 12:23:05 | INFO  
--------------------------------- Message: ---------------------------------  
files count in search directory : 15

12-08-2023 12:23:05 | INFO  
--------------------------------- Message: ---------------------------------  
files count in search directory : 15

12-08-2023 12:23:05 | INFO  
--------------------------------- Message: ---------------------------------  
files count in search directory : 15

12-08-2023 12:23:05 | INFO  
--------------------------------- Message: ---------------------------------  
files count in search directory : 15

12-08-2023 12:23:05 | INFO  
--------------------------------- Message: ---------------------------------  
files count in search directory : 15

12-08-2023 12:23:05 | INFO  
--------------------------------- Message: ---------------------------------  
files count in search directory : 15

12-08-2023 12:23:06 | INFO  
--------------------------------- Message: ---------------------------------  
files count in search directory : 15

12-08-2023 12:23:06 | INFO  
--------------------------------- Message: ---------------------------------  
files count in search directory : 15

12-08-2023 12:23:06 | INFO  
--------------------------------- Message: ---------------------------------  
files count in search directory : 15

12-08-2023 12:23:06 | INFO  
--------------------------------- Message: ---------------------------------  
files count in search directory : 15

12-08-2023 12:23:06 | INFO  
--------------------------------- Message: ---------------------------------  
files count in search directory : 15

12-08-2023 12:23:06 | INFO  
--------------------------------- Message: ---------------------------------  
files count in search directory : 15

12-08-2023 12:23:06 | INFO  
--------------------------------- Message: ---------------------------------  
files count in search directory : 15

12-08-2023 12:23:06 | INFO  
--------------------------------- Message: ---------------------------------  
files count in search directory : 15

12-08-2023 12:23:06 | INFO  
--------------------------------- Message: ---------------------------------  
files count in search directory : 15

12-08-2023 12:23:06 | INFO  
--------------------------------- Message: ---------------------------------  
files count in search directory : 15

12-08-2023 12:23:06 | INFO  
--------------------------------- Message: ---------------------------------  
files count in search directory : 15

12-08-2023 12:23:06 | INFO  
--------------------------------- Message: ---------------------------------  
files count in search directory : 15

12-08-2023 12:23:06 | INFO  
--------------------------------- Message: ---------------------------------  
files count in search directory : 15

12-08-2023 12:23:07 | INFO  
--------------------------------- Message: ---------------------------------  
files count in search directory : 15

12-08-2023 12:23:07 | INFO  
--------------------------------- Message: ---------------------------------  
files count in search directory : 15

12-08-2023 12:23:07 | INFO  
--------------------------------- Message: ---------------------------------  
files count in search directory : 15

12-08-2023 12:23:07 | INFO  
--------------------------------- Message: ---------------------------------  
files count in search directory : 15

12-08-2023 12:23:07 | INFO  
--------------------------------- Message: ---------------------------------  
files count in search directory : 15

12-08-2023 12:23:07 | INFO  
--------------------------------- Message: ---------------------------------  
files count in search directory : 15

12-08-2023 12:23:07 | INFO  
--------------------------------- Message: ---------------------------------  
files count in search directory : 15

12-08-2023 12:23:07 | INFO  
--------------------------------- Message: ---------------------------------  
files count in search directory : 15

12-08-2023 12:23:07 | INFO  
--------------------------------- Message: ---------------------------------  
files count in search directory : 15

12-08-2023 12:23:07 | INFO  
--------------------------------- Message: ---------------------------------  
files count in search directory : 15

12-08-2023 12:23:08 | INFO  
--------------------------------- Message: ---------------------------------  
files count in search directory : 15

12-08-2023 12:23:08 | INFO  
--------------------------------- Message: ---------------------------------  
files count in search directory : 15

12-08-2023 12:23:08 | INFO  
--------------------------------- Message: ---------------------------------  
files count in search directory : 15

12-08-2023 12:23:08 | INFO  
--------------------------------- Message: ---------------------------------  
files count in search directory : 15

12-08-2023 12:23:08 | INFO  
--------------------------------- Message: ---------------------------------  
files count in search directory : 15

12-08-2023 12:23:08 | INFO  
--------------------------------- Message: ---------------------------------  
files count in search directory : 15

12-08-2023 12:23:08 | INFO  
--------------------------------- Message: ---------------------------------  
files count in search directory : 15

12-08-2023 12:23:08 | INFO  
--------------------------------- Message: ---------------------------------  
files count in search directory : 15

12-08-2023 12:23:08 | INFO  
--------------------------------- Message: ---------------------------------  
files count in search directory : 15

12-08-2023 12:23:08 | INFO  
--------------------------------- Message: ---------------------------------  
files count in search directory : 15

12-08-2023 12:23:08 | INFO  
--------------------------------- Message: ---------------------------------  
files count in search directory : 15

12-08-2023 12:23:09 | INFO  
--------------------------------- Message: ---------------------------------  
files count in search directory : 15

12-08-2023 12:23:09 | INFO  
--------------------------------- Message: ---------------------------------  
files count in search directory : 15

12-08-2023 12:23:09 | INFO  
--------------------------------- Message: ---------------------------------  
files count in search directory : 15

12-08-2023 12:23:09 | INFO  
--------------------------------- Message: ---------------------------------  
files count in search directory : 15

12-08-2023 12:23:09 | INFO  
--------------------------------- Message: ---------------------------------  
files count in search directory : 15

12-08-2023 12:23:09 | INFO  
--------------------------------- Message: ---------------------------------  
files count in search directory : 15

12-08-2023 12:23:09 | INFO  
--------------------------------- Message: ---------------------------------  
files count in search directory : 15

12-08-2023 12:23:09 | INFO  
--------------------------------- Message: ---------------------------------  
files count in search directory : 15

12-08-2023 12:23:09 | INFO  
--------------------------------- Message: ---------------------------------  
files count in search directory : 15

12-08-2023 12:23:09 | INFO  
--------------------------------- Message: ---------------------------------  
files count in search directory : 15

12-08-2023 12:23:09 | INFO  
--------------------------------- Message: ---------------------------------  
files count in search directory : 15

12-08-2023 12:23:09 | INFO  
--------------------------------- Message: ---------------------------------  
files count in search directory : 15

12-08-2023 12:23:10 | INFO  
--------------------------------- Message: ---------------------------------  
files count in search directory : 15

12-08-2023 12:23:10 | INFO  
--------------------------------- Message: ---------------------------------  
files count in search directory : 15

12-08-2023 12:23:10 | INFO  
--------------------------------- Message: ---------------------------------  
files count in search directory : 15

12-08-2023 12:23:10 | INFO  
--------------------------------- Message: ---------------------------------  
files count in search directory : 15

12-08-2023 12:23:10 | INFO  
--------------------------------- Message: ---------------------------------  
files count in search directory : 15

12-08-2023 12:23:10 | INFO  
--------------------------------- Message: ---------------------------------  
files count in search directory : 15

12-08-2023 12:23:10 | INFO  
--------------------------------- Message: ---------------------------------  
files count in search directory : 15

12-08-2023 12:23:10 | INFO  
--------------------------------- Message: ---------------------------------  
files count in search directory : 15

12-08-2023 12:23:10 | INFO  
--------------------------------- Message: ---------------------------------  
files count in search directory : 15

12-08-2023 12:23:10 | INFO  
--------------------------------- Message: ---------------------------------  
files count in search directory : 15

12-08-2023 12:23:10 | INFO  
--------------------------------- Message: ---------------------------------  
files count in search directory : 15

12-08-2023 12:23:11 | INFO  
--------------------------------- Message: ---------------------------------  
files count in search directory : 15

12-08-2023 12:23:11 | INFO  
--------------------------------- Message: ---------------------------------  
files count in search directory : 15

12-08-2023 12:23:11 | INFO  
--------------------------------- Message: ---------------------------------  
files count in search directory : 15

12-08-2023 12:23:11 | INFO  
--------------------------------- Message: ---------------------------------  
files count in search directory : 15

12-08-2023 12:23:11 | INFO  
--------------------------------- Message: ---------------------------------  
files count in search directory : 15

12-08-2023 12:23:11 | INFO  
--------------------------------- Message: ---------------------------------  
files count in search directory : 15

12-08-2023 12:23:11 | INFO  
--------------------------------- Message: ---------------------------------  
files count in search directory : 15

12-08-2023 12:23:11 | INFO  
--------------------------------- Message: ---------------------------------  
files count in search directory : 15

12-08-2023 12:23:11 | INFO  
--------------------------------- Message: ---------------------------------  
files count in search directory : 15

12-08-2023 12:23:11 | INFO  
--------------------------------- Message: ---------------------------------  
files count in search directory : 15

12-08-2023 12:23:11 | INFO  
--------------------------------- Message: ---------------------------------  
files count in search directory : 15

12-08-2023 12:23:11 | INFO  
--------------------------------- Message: ---------------------------------  
files count in search directory : 15

12-08-2023 12:23:11 | INFO  
--------------------------------- Message: ---------------------------------  
files count in search directory : 15

12-08-2023 12:23:12 | INFO  
--------------------------------- Message: ---------------------------------  
files count in search directory : 15

12-08-2023 12:23:12 | INFO  
--------------------------------- Message: ---------------------------------  
files count in search directory : 15

12-08-2023 12:23:12 | INFO  
--------------------------------- Message: ---------------------------------  
files count in search directory : 15

12-08-2023 12:23:12 | INFO  
--------------------------------- Message: ---------------------------------  
files count in search directory : 15

12-08-2023 12:23:12 | INFO  
--------------------------------- Message: ---------------------------------  
files count in search directory : 15

12-08-2023 12:23:12 | INFO  
--------------------------------- Message: ---------------------------------  
files count in search directory : 15

12-08-2023 12:23:12 | INFO  
--------------------------------- Message: ---------------------------------  
files count in search directory : 15

12-08-2023 12:23:12 | INFO  
--------------------------------- Message: ---------------------------------  
files count in search directory : 15

12-08-2023 12:23:12 | INFO  
--------------------------------- Message: ---------------------------------  
files count in search directory : 15

12-08-2023 12:23:12 | INFO  
--------------------------------- Message: ---------------------------------  
files count in search directory : 15

12-08-2023 12:23:12 | INFO  
--------------------------------- Message: ---------------------------------  
files count in search directory : 15

12-08-2023 12:23:13 | INFO  
--------------------------------- Message: ---------------------------------  
files count in search directory : 15

12-08-2023 12:23:13 | INFO  
--------------------------------- Message: ---------------------------------  
files count in search directory : 15

12-08-2023 12:23:13 | INFO  
--------------------------------- Message: ---------------------------------  
files count in search directory : 15

12-08-2023 12:23:13 | INFO  
--------------------------------- Message: ---------------------------------  
files count in search directory : 15

12-08-2023 12:23:13 | INFO  
--------------------------------- Message: ---------------------------------  
files count in search directory : 15

12-08-2023 12:23:13 | INFO  
--------------------------------- Message: ---------------------------------  
files count in search directory : 15

12-08-2023 12:23:13 | INFO  
--------------------------------- Message: ---------------------------------  
files count in search directory : 15

12-08-2023 12:23:13 | INFO  
--------------------------------- Message: ---------------------------------  
files count in search directory : 15

12-08-2023 12:23:13 | INFO  
--------------------------------- Message: ---------------------------------  
files count in search directory : 15

12-08-2023 12:23:13 | INFO  
--------------------------------- Message: ---------------------------------  
files count in search directory : 15

12-08-2023 12:23:13 | INFO  
--------------------------------- Message: ---------------------------------  
files count in search directory : 15

12-08-2023 12:23:14 | INFO  
--------------------------------- Message: ---------------------------------  
files count in search directory : 15

12-08-2023 12:23:14 | INFO  
--------------------------------- Message: ---------------------------------  
files count in search directory : 15

12-08-2023 12:23:14 | INFO  
--------------------------------- Message: ---------------------------------  
files count in search directory : 15

12-08-2023 12:23:14 | INFO  
--------------------------------- Message: ---------------------------------  
files count in search directory : 15

12-08-2023 12:23:14 | INFO  
--------------------------------- Message: ---------------------------------  
files count in search directory : 15

12-08-2023 12:23:14 | INFO  
--------------------------------- Message: ---------------------------------  
files count in search directory : 15

12-08-2023 12:23:14 | INFO  
--------------------------------- Message: ---------------------------------  
files count in search directory : 15

12-08-2023 12:23:14 | INFO  
--------------------------------- Message: ---------------------------------  
files count in search directory : 15

12-08-2023 12:23:14 | INFO  
--------------------------------- Message: ---------------------------------  
files count in search directory : 15

12-08-2023 12:23:14 | INFO  
--------------------------------- Message: ---------------------------------  
files count in search directory : 15

12-08-2023 12:23:14 | INFO  
--------------------------------- Message: ---------------------------------  
files count in search directory : 15

12-08-2023 12:23:15 | INFO  
--------------------------------- Message: ---------------------------------  
files count in search directory : 15

12-08-2023 12:23:15 | INFO  
--------------------------------- Message: ---------------------------------  
files count in search directory : 15

12-08-2023 12:23:15 | INFO  
--------------------------------- Message: ---------------------------------  
files count in search directory : 15

12-08-2023 12:23:15 | INFO  
--------------------------------- Message: ---------------------------------  
files count in search directory : 15

12-08-2023 12:23:15 | INFO  
--------------------------------- Message: ---------------------------------  
files count in search directory : 15

12-08-2023 12:23:15 | INFO  
--------------------------------- Message: ---------------------------------  
files count in search directory : 15

12-08-2023 12:23:15 | INFO  
--------------------------------- Message: ---------------------------------  
files count in search directory : 15

12-08-2023 12:23:15 | INFO  
--------------------------------- Message: ---------------------------------  
files count in search directory : 15

12-08-2023 12:23:15 | INFO  
--------------------------------- Message: ---------------------------------  
files count in search directory : 15

12-08-2023 12:23:15 | INFO  
--------------------------------- Message: ---------------------------------  
files count in search directory : 15

12-08-2023 12:23:15 | INFO  
--------------------------------- Message: ---------------------------------  
files count in search directory : 15

12-08-2023 12:23:16 | INFO  
--------------------------------- Message: ---------------------------------  
files count in search directory : 15

12-08-2023 12:23:16 | INFO  
--------------------------------- Message: ---------------------------------  
files count in search directory : 15

12-08-2023 12:23:16 | INFO  
--------------------------------- Message: ---------------------------------  
files count in search directory : 15

12-08-2023 12:23:16 | INFO  
--------------------------------- Message: ---------------------------------  
files count in search directory : 15

12-08-2023 12:23:16 | INFO  
--------------------------------- Message: ---------------------------------  
files count in search directory : 15

12-08-2023 12:23:16 | INFO  
--------------------------------- Message: ---------------------------------  
files count in search directory : 15

12-08-2023 12:23:16 | INFO  
--------------------------------- Message: ---------------------------------  
files count in search directory : 15

12-08-2023 12:23:16 | INFO  
--------------------------------- Message: ---------------------------------  
files count in search directory : 15

12-08-2023 12:23:16 | INFO  
--------------------------------- Message: ---------------------------------  
files count in search directory : 15

12-08-2023 12:23:16 | INFO  
--------------------------------- Message: ---------------------------------  
files count in search directory : 15

12-08-2023 12:23:16 | INFO  
--------------------------------- Message: ---------------------------------  
files count in search directory : 15

12-08-2023 12:23:16 | INFO  
--------------------------------- Message: ---------------------------------  
files count in search directory : 15

12-08-2023 12:23:17 | INFO  
--------------------------------- Message: ---------------------------------  
files count in search directory : 15

12-08-2023 12:23:17 | INFO  
--------------------------------- Message: ---------------------------------  
files count in search directory : 15

12-08-2023 12:23:17 | INFO  
--------------------------------- Message: ---------------------------------  
files count in search directory : 15

12-08-2023 12:23:17 | INFO  
--------------------------------- Message: ---------------------------------  
files count in search directory : 15

12-08-2023 12:23:17 | INFO  
--------------------------------- Message: ---------------------------------  
files count in search directory : 15

12-08-2023 12:23:17 | INFO  
--------------------------------- Message: ---------------------------------  
files count in search directory : 15

12-08-2023 12:23:17 | INFO  
--------------------------------- Message: ---------------------------------  
files count in search directory : 15

12-08-2023 12:23:17 | INFO  
--------------------------------- Message: ---------------------------------  
files count in search directory : 15

12-08-2023 12:23:17 | INFO  
--------------------------------- Message: ---------------------------------  
files count in search directory : 15

12-08-2023 12:23:17 | INFO  
--------------------------------- Message: ---------------------------------  
files count in search directory : 15

12-08-2023 12:23:17 | INFO  
--------------------------------- Message: ---------------------------------  
files count in search directory : 15

12-08-2023 12:23:18 | INFO  
--------------------------------- Message: ---------------------------------  
files count in search directory : 15

12-08-2023 12:23:18 | INFO  
--------------------------------- Message: ---------------------------------  
files count in search directory : 15

12-08-2023 12:23:18 | INFO  
--------------------------------- Message: ---------------------------------  
files count in search directory : 15

12-08-2023 12:23:18 | INFO  
--------------------------------- Message: ---------------------------------  
files count in search directory : 15

12-08-2023 12:23:18 | INFO  
--------------------------------- Message: ---------------------------------  
files count in search directory : 15

12-08-2023 12:23:18 | INFO  
--------------------------------- Message: ---------------------------------  
files count in search directory : 15

12-08-2023 12:23:18 | INFO  
--------------------------------- Message: ---------------------------------  
File Matched : 6031643778 

12-08-2023 12:23:18 | INFO  
--------------------------------- Message: ---------------------------------  
File Matched : D:\F3_Technology\TESTAPP\Directory\abb11.txt 

12-08-2023 12:23:18 | INFO  
--------------------------------- Message: ---------------------------------  
File Matched : 6031643778 

12-08-2023 12:23:18 | INFO  
--------------------------------- Message: ---------------------------------  
File Matched : D:\F3_Technology\TESTAPP\Directory\abb11.txt 

12-08-2023 12:23:18 | INFO  
--------------------------------- Message: ---------------------------------  
File Matched : 6031643778 

12-08-2023 12:23:18 | INFO  
--------------------------------- Message: ---------------------------------  
File Matched : D:\F3_Technology\TESTAPP\Directory\abv11.txt 

12-08-2023 12:23:18 | INFO  
--------------------------------- Message: ---------------------------------  
File Matched : 6031643778 

12-08-2023 12:23:18 | INFO  
--------------------------------- Message: ---------------------------------  
File Matched : D:\F3_Technology\TESTAPP\Directory\abv11.txt 

12-08-2023 12:23:18 | INFO  
--------------------------------- Message: ---------------------------------  
Total matched : 8 files .

12-08-2023 12:23:18 | INFO  
--------------------------------- Message: ---------------------------------  
Matching files have been copied.

