14-11-2023 09:22:39 | INFO  
--------------------------------- Message: ---------------------------------  
Table

14-11-2023 11:28:34 | INFO  
--------------------------------- Message: ---------------------------------  
1

14-11-2023 11:28:34 | INFO  
--------------------------------- Message: ---------------------------------  
Pending

14-11-2023 11:28:34 | INFO  
--------------------------------- Message: ---------------------------------  
6

14-11-2023 11:28:34 | INFO  
--------------------------------- Message: ---------------------------------  
Generated

14-11-2023 11:28:34 | INFO  
--------------------------------- Message: ---------------------------------  
Table

14-11-2023 11:29:10 | INFO  
--------------------------------- Message: ---------------------------------  
INBOUND

14-11-2023 11:29:10 | INFO  
--------------------------------- Message: ---------------------------------  
ORU

14-11-2023 11:29:10 | INFO  
--------------------------------- Message: ---------------------------------  
System.Data.DataSet

14-11-2023 11:29:10 | INFO  
--------------------------------- Message: ---------------------------------  


