11-12-2023 10:57:40 | INFO  
--------------------------------- Message: ---------------------------------  
Table

11-12-2023 11:00:26 | INFO  
--------------------------------- Message: ---------------------------------  
Table

11-12-2023 11:24:36 | INFO  
--------------------------------- Message: ---------------------------------  
Table

11-12-2023 11:24:55 | INFO  
--------------------------------- Message: ---------------------------------  
search call started.

11-12-2023 11:24:55 | DEBUG  
--------------------------------- Message: ---------------------------------  
Message status is : 1

11-12-2023 11:24:55 | DEBUG  
--------------------------------- Message: ---------------------------------  
Message Request Type is : INBOUND

11-12-2023 11:24:55 | DEBUG  
--------------------------------- Message: ---------------------------------  
Message Type is : ORU

11-12-2023 11:24:55 | DEBUG  
--------------------------------- Message: ---------------------------------  
Message ID is : 8212574,13154420,13175139,13175140,13175182

11-12-2023 11:24:55 | DEBUG  
--------------------------------- Message: ---------------------------------  
Message ID is : L23-20111101,182401763_13154420,LL88187973,523190232223313,403018159423313

11-12-2023 11:24:55 | DEBUG  
--------------------------------- Message: ---------------------------------  
Message ID is : ,13154421,,,

11-12-2023 11:25:13 | DEBUG  
--------------------------------- Message: ---------------------------------  
These Message Ids Have no Response Message IDs :13154420,

11-12-2023 11:25:21 | DEBUG  
--------------------------------- Message: ---------------------------------  
These Message Control IDs  Status updated: 182401763_13154420

11-12-2023 11:26:59 | INFO  
--------------------------------- Message: ---------------------------------  
search call started.

11-12-2023 11:26:59 | DEBUG  
--------------------------------- Message: ---------------------------------  
Message status is : 1

11-12-2023 11:26:59 | DEBUG  
--------------------------------- Message: ---------------------------------  
Message Request Type is : INBOUND

11-12-2023 11:26:59 | DEBUG  
--------------------------------- Message: ---------------------------------  
Message Type is : mail

11-12-2023 11:26:59 | DEBUG  
--------------------------------- Message: ---------------------------------  
Message ID is : Column not found!

11-12-2023 11:26:59 | DEBUG  
--------------------------------- Message: ---------------------------------  
Message ID is : Column not found!

11-12-2023 11:26:59 | DEBUG  
--------------------------------- Message: ---------------------------------  
Message ID is : Column not found!

